[2022-07-26T10:43:47] WARNING [django.request.log_response:224] Not Found: /favicon.ico/
[2022-07-26T10:43:50] INFO [root.showapps:41] admin_seen the whole applist
[2022-07-26T10:44:35] INFO [root.showapps:41] admin_seen the whole applist
[2022-07-26T11:49:22] INFO [root.logout:150] admin_ logged out
[2022-07-26T11:49:26] INFO [root.showapps:41] admin_seen the whole applist
[2022-07-26T11:50:21] INFO [root.showapps:41] admin_seen the whole applist
[2022-07-26T11:50:22] INFO [root.showapps:41] admin_seen the whole applist
[2022-07-26T11:50:22] INFO [root.showapps:41] admin_seen the whole applist
[2022-07-26T11:50:22] INFO [root.showapps:41] admin_seen the whole applist
[2022-07-26T12:07:45] INFO [root.showapps:41] admin_seen the whole applist
[2022-07-26T12:07:48] ERROR [django.request.log_response:224] Internal Server Error: /apps/all/
Traceback (most recent call last):
  File "C:\Users\saketh\AppData\Local\Programs\Python\Python39\lib\site-packages\django\template\base.py", line 470, in parse
    compile_func = self.tags[command]
KeyError: 'static'

During handling of the above exception, another exception occurred:

Traceback (most recent call last):
  File "C:\Users\saketh\AppData\Local\Programs\Python\Python39\lib\site-packages\django\core\handlers\exception.py", line 47, in inner
    response = get_response(request)
  File "C:\Users\saketh\AppData\Local\Programs\Python\Python39\lib\site-packages\django\core\handlers\base.py", line 181, in _get_response
    response = wrapped_callback(request, *callback_args, **callback_kwargs)
  File "C:\Users\saketh\AppData\Local\Programs\Python\Python39\lib\site-packages\django\contrib\auth\decorators.py", line 21, in _wrapped_view
    return view_func(request, *args, **kwargs)
  File "C:\Users\saketh\Documents\billapp\apps\views.py", line 42, in showapps
    return render(request,'showapps.html',{'showapp':appli,'leni':leni,'msg':mssg})
  File "C:\Users\saketh\AppData\Local\Programs\Python\Python39\lib\site-packages\django\shortcuts.py", line 19, in render
    content = loader.render_to_string(template_name, context, request, using=using)
  File "C:\Users\saketh\AppData\Local\Programs\Python\Python39\lib\site-packages\django\template\loader.py", line 61, in render_to_string
    template = get_template(template_name, using=using)
  File "C:\Users\saketh\AppData\Local\Programs\Python\Python39\lib\site-packages\django\template\loader.py", line 15, in get_template
    return engine.get_template(template_name)
  File "C:\Users\saketh\AppData\Local\Programs\Python\Python39\lib\site-packages\django\template\backends\django.py", line 34, in get_template
    return Template(self.engine.get_template(template_name), self)
  File "C:\Users\saketh\AppData\Local\Programs\Python\Python39\lib\site-packages\django\template\engine.py", line 143, in get_template
    template, origin = self.find_template(template_name)
  File "C:\Users\saketh\AppData\Local\Programs\Python\Python39\lib\site-packages\django\template\engine.py", line 125, in find_template
    template = loader.get_template(name, skip=skip)
  File "C:\Users\saketh\AppData\Local\Programs\Python\Python39\lib\site-packages\django\template\loaders\base.py", line 29, in get_template
    return Template(
  File "C:\Users\saketh\AppData\Local\Programs\Python\Python39\lib\site-packages\django\template\base.py", line 155, in __init__
    self.nodelist = self.compile_nodelist()
  File "C:\Users\saketh\AppData\Local\Programs\Python\Python39\lib\site-packages\django\template\base.py", line 193, in compile_nodelist
    return parser.parse()
  File "C:\Users\saketh\AppData\Local\Programs\Python\Python39\lib\site-packages\django\template\base.py", line 472, in parse
    self.invalid_block_tag(token, command, parse_until)
  File "C:\Users\saketh\AppData\Local\Programs\Python\Python39\lib\site-packages\django\template\base.py", line 531, in invalid_block_tag
    raise self.error(
django.template.exceptions.TemplateSyntaxError: Invalid block tag on line 10: 'static'. Did you forget to register or load this tag?
[2022-07-26T12:08:03] INFO [root.showapps:41] admin_seen the whole applist
[2022-07-26T12:08:03] ERROR [django.request.log_response:224] Internal Server Error: /apps/all/
Traceback (most recent call last):
  File "C:\Users\saketh\AppData\Local\Programs\Python\Python39\lib\site-packages\django\template\base.py", line 470, in parse
    compile_func = self.tags[command]
KeyError: 'else'

During handling of the above exception, another exception occurred:

Traceback (most recent call last):
  File "C:\Users\saketh\AppData\Local\Programs\Python\Python39\lib\site-packages\django\core\handlers\exception.py", line 47, in inner
    response = get_response(request)
  File "C:\Users\saketh\AppData\Local\Programs\Python\Python39\lib\site-packages\django\core\handlers\base.py", line 181, in _get_response
    response = wrapped_callback(request, *callback_args, **callback_kwargs)
  File "C:\Users\saketh\AppData\Local\Programs\Python\Python39\lib\site-packages\django\contrib\auth\decorators.py", line 21, in _wrapped_view
    return view_func(request, *args, **kwargs)
  File "C:\Users\saketh\Documents\billapp\apps\views.py", line 42, in showapps
    return render(request,'showapps.html',{'showapp':appli,'leni':leni,'msg':mssg})
  File "C:\Users\saketh\AppData\Local\Programs\Python\Python39\lib\site-packages\django\shortcuts.py", line 19, in render
    content = loader.render_to_string(template_name, context, request, using=using)
  File "C:\Users\saketh\AppData\Local\Programs\Python\Python39\lib\site-packages\django\template\loader.py", line 61, in render_to_string
    template = get_template(template_name, using=using)
  File "C:\Users\saketh\AppData\Local\Programs\Python\Python39\lib\site-packages\django\template\loader.py", line 15, in get_template
    return engine.get_template(template_name)
  File "C:\Users\saketh\AppData\Local\Programs\Python\Python39\lib\site-packages\django\template\backends\django.py", line 34, in get_template
    return Template(self.engine.get_template(template_name), self)
  File "C:\Users\saketh\AppData\Local\Programs\Python\Python39\lib\site-packages\django\template\engine.py", line 143, in get_template
    template, origin = self.find_template(template_name)
  File "C:\Users\saketh\AppData\Local\Programs\Python\Python39\lib\site-packages\django\template\engine.py", line 125, in find_template
    template = loader.get_template(name, skip=skip)
  File "C:\Users\saketh\AppData\Local\Programs\Python\Python39\lib\site-packages\django\template\loaders\base.py", line 29, in get_template
    return Template(
  File "C:\Users\saketh\AppData\Local\Programs\Python\Python39\lib\site-packages\django\template\base.py", line 155, in __init__
    self.nodelist = self.compile_nodelist()
  File "C:\Users\saketh\AppData\Local\Programs\Python\Python39\lib\site-packages\django\template\base.py", line 193, in compile_nodelist
    return parser.parse()
  File "C:\Users\saketh\AppData\Local\Programs\Python\Python39\lib\site-packages\django\template\base.py", line 478, in parse
    raise self.error(token, e)
  File "C:\Users\saketh\AppData\Local\Programs\Python\Python39\lib\site-packages\django\template\base.py", line 476, in parse
    compiled_result = compile_func(self, token)
  File "C:\Users\saketh\AppData\Local\Programs\Python\Python39\lib\site-packages\django\template\defaulttags.py", line 968, in do_if
    nodelist = parser.parse(('elif', 'else', 'endif'))
  File "C:\Users\saketh\AppData\Local\Programs\Python\Python39\lib\site-packages\django\template\base.py", line 478, in parse
    raise self.error(token, e)
  File "C:\Users\saketh\AppData\Local\Programs\Python\Python39\lib\site-packages\django\template\base.py", line 476, in parse
    compiled_result = compile_func(self, token)
  File "C:\Users\saketh\AppData\Local\Programs\Python\Python39\lib\site-packages\django\template\defaulttags.py", line 817, in do_for
    nodelist_loop = parser.parse(('empty', 'endfor',))
  File "C:\Users\saketh\AppData\Local\Programs\Python\Python39\lib\site-packages\django\template\base.py", line 472, in parse
    self.invalid_block_tag(token, command, parse_until)
  File "C:\Users\saketh\AppData\Local\Programs\Python\Python39\lib\site-packages\django\template\base.py", line 522, in invalid_block_tag
    raise self.error(
django.template.exceptions.TemplateSyntaxError: Invalid block tag on line 57: 'else', expected 'empty' or 'endfor'. Did you forget to register or load this tag?
[2022-07-26T12:08:48] INFO [root.showapps:41] admin_seen the whole applist
[2022-07-26T12:09:09] INFO [root.showapps:41] admin_seen the whole applist
[2022-07-26T12:09:19] INFO [root.showapps:41] admin_seen the whole applist
[2022-07-26T12:09:21] INFO [root.showapps:41] admin_seen the whole applist
[2022-07-26T12:09:34] INFO [root.showapps:41] admin_seen the whole applist
[2022-07-26T12:09:35] INFO [root.showapps:41] admin_seen the whole applist
[2022-07-26T12:09:35] INFO [root.showapps:41] admin_seen the whole applist
[2022-07-26T12:09:35] INFO [root.showapps:41] admin_seen the whole applist
[2022-07-26T12:09:35] INFO [root.showapps:41] admin_seen the whole applist
[2022-07-26T12:09:44] INFO [root.showapps:41] admin_seen the whole applist
[2022-07-26T12:09:54] INFO [root.addapp:30] admin_added an app
[2022-07-26T12:09:54] INFO [root.showapps:41] admin_seen the whole applist
[2022-07-26T12:10:16] INFO [root.showapps:41] admin_seen the whole applist
[2022-07-26T12:10:27] INFO [root.showapps:41] admin_seen the whole applist
[2022-07-26T12:32:35] INFO [root.showapps:41] admin_seen the whole applist
[2022-07-26T12:32:36] INFO [root.showapps:41] admin_seen the whole applist
[2022-07-26T12:32:36] INFO [root.showapps:41] admin_seen the whole applist
[2022-07-26T12:33:03] WARNING [django.request.log_response:224] Not Found: /apps/sakkk/dashboard/assets/css/styles.css
[2022-07-26T12:33:03] WARNING [django.request.log_response:224] Not Found: /apps/sakkk/dashboard/assets/img/illustrations/rocket-white.png
[2022-07-26T12:33:03] WARNING [django.request.log_response:224] Not Found: /apps/sakkk/dashboard/assets/img/small-logos/logo-xd.svg
[2022-07-26T12:33:03] WARNING [django.request.log_response:224] Not Found: /apps/sakkk/dashboard/assets/img/team-1.jpg
[2022-07-26T12:33:03] WARNING [django.request.log_response:224] Not Found: /apps/sakkk/dashboard/assets/img/team-2.jpg
[2022-07-26T12:33:03] WARNING [django.request.log_response:224] Not Found: /apps/sakkk/dashboard/assets/img/team-3.jpg
[2022-07-26T12:33:03] WARNING [django.request.log_response:224] Not Found: /apps/sakkk/dashboard/assets/img/team-4.jpg
[2022-07-26T12:33:03] WARNING [django.request.log_response:224] Not Found: /apps/sakkk/dashboard/assets/css/styles.css
[2022-07-26T12:33:03] WARNING [django.request.log_response:224] Not Found: /apps/sakkk/dashboard/assets/img/small-logos/logo-atlassian.svg
[2022-07-26T12:33:03] WARNING [django.request.log_response:224] Not Found: /apps/sakkk/dashboard/assets/img/small-logos/logo-slack.svg
[2022-07-26T12:33:03] WARNING [django.request.log_response:224] Not Found: /apps/sakkk/dashboard/assets/img/small-logos/logo-spotify.svg
[2022-07-26T12:33:03] WARNING [django.request.log_response:224] Not Found: /apps/sakkk/dashboard/assets/img/small-logos/logo-jira.svg
[2022-07-26T12:33:03] WARNING [django.request.log_response:224] Not Found: /apps/sakkk/dashboard/assets/js/plugins/perfect-scrollbar.min.js
[2022-07-26T12:33:03] WARNING [django.request.log_response:224] Not Found: /apps/sakkk/dashboard/assets/img/small-logos/logo-invision.svg
[2022-07-26T12:33:03] WARNING [django.request.log_response:224] Not Found: /apps/sakkk/dashboard/assets/js/plugins/chartjs.min.js
[2022-07-26T12:33:03] WARNING [django.request.log_response:224] Not Found: /apps/sakkk/dashboard/assets/img/team-2.jpg
[2022-07-26T12:33:03] WARNING [django.request.log_response:224] Not Found: /apps/sakkk/dashboard/assets/img/ivancik.jpg
[2022-07-26T12:33:03] WARNING [django.request.log_response:224] Not Found: /apps/sakkk/dashboard/assets/img/team-4.jpg
[2022-07-26T12:33:03] WARNING [django.request.log_response:224] Not Found: /apps/sakkk/dashboard/assets/img/team-3.jpg
[2022-07-26T12:33:03] WARNING [django.request.log_response:224] Not Found: /apps/sakkk/dashboard/assets/img/team-1.jpg
[2022-07-26T14:25:22] WARNING [django.request.log_response:224] Not Found: /favicon.ico/
[2022-07-26T14:25:27] WARNING [django.request.log_response:224] Not Found: /apps/sakkk/dashboard/assets/css/styles.css
[2022-07-26T14:25:27] WARNING [django.request.log_response:224] Not Found: /apps/sakkk/dashboard/assets/img/illustrations/rocket-white.png
[2022-07-26T14:25:27] WARNING [django.request.log_response:224] Not Found: /apps/sakkk/dashboard/assets/img/small-logos/logo-xd.svg
[2022-07-26T14:25:27] WARNING [django.request.log_response:224] Not Found: /apps/sakkk/dashboard/assets/css/styles.css
[2022-07-26T14:25:27] WARNING [django.request.log_response:224] Not Found: /apps/sakkk/dashboard/assets/img/team-1.jpg
[2022-07-26T14:25:27] WARNING [django.request.log_response:224] Not Found: /apps/sakkk/dashboard/assets/img/team-2.jpg
[2022-07-26T14:25:27] WARNING [django.request.log_response:224] Not Found: /apps/sakkk/dashboard/assets/img/team-3.jpg
[2022-07-26T14:25:27] WARNING [django.request.log_response:224] Not Found: /apps/sakkk/dashboard/assets/img/small-logos/logo-slack.svg
[2022-07-26T14:25:27] WARNING [django.request.log_response:224] Not Found: /apps/sakkk/dashboard/assets/img/small-logos/logo-atlassian.svg
[2022-07-26T14:25:27] WARNING [django.request.log_response:224] Not Found: /apps/sakkk/dashboard/assets/img/team-4.jpg
[2022-07-26T14:25:27] WARNING [django.request.log_response:224] Not Found: /apps/sakkk/dashboard/assets/img/small-logos/logo-spotify.svg
[2022-07-26T14:25:27] WARNING [django.request.log_response:224] Not Found: /apps/sakkk/dashboard/assets/img/small-logos/logo-jira.svg
[2022-07-26T14:25:27] WARNING [django.request.log_response:224] Not Found: /apps/sakkk/dashboard/assets/js/plugins/chartjs.min.js
[2022-07-26T14:25:27] WARNING [django.request.log_response:224] Not Found: /apps/sakkk/dashboard/assets/js/plugins/perfect-scrollbar.min.js
[2022-07-26T14:25:27] WARNING [django.request.log_response:224] Not Found: /apps/sakkk/dashboard/assets/img/small-logos/logo-invision.svg
[2022-07-26T14:25:27] WARNING [django.request.log_response:224] Not Found: /apps/sakkk/dashboard/assets/img/ivancik.jpg
[2022-07-26T14:25:27] WARNING [django.request.log_response:224] Not Found: /apps/sakkk/dashboard/assets/img/team-1.jpg
[2022-07-26T14:25:27] WARNING [django.request.log_response:224] Not Found: /apps/sakkk/dashboard/assets/img/team-3.jpg
[2022-07-26T14:25:27] WARNING [django.request.log_response:224] Not Found: /apps/sakkk/dashboard/assets/img/team-2.jpg
[2022-07-26T14:25:27] WARNING [django.request.log_response:224] Not Found: /apps/sakkk/dashboard/assets/img/team-4.jpg
[2022-07-26T14:25:30] INFO [root.logout:150] admin_ logged out
[2022-07-26T14:25:51] INFO [root.showapps:41] admin_seen the whole applist
[2022-07-26T14:26:26] WARNING [django.request.log_response:224] Not Found: /apps/sakkk/dashboard/assets/css/styles.css
[2022-07-26T14:26:26] WARNING [django.request.log_response:224] Not Found: /apps/sakkk/dashboard/assets/img/illustrations/rocket-white.png
[2022-07-26T14:26:26] WARNING [django.request.log_response:224] Not Found: /apps/sakkk/dashboard/assets/img/small-logos/logo-xd.svg
[2022-07-26T14:26:26] WARNING [django.request.log_response:224] Not Found: /apps/sakkk/dashboard/assets/img/team-1.jpg
[2022-07-26T14:26:26] WARNING [django.request.log_response:224] Not Found: /apps/sakkk/dashboard/assets/img/team-2.jpg
[2022-07-26T14:26:26] WARNING [django.request.log_response:224] Not Found: /apps/sakkk/dashboard/assets/img/team-3.jpg
[2022-07-26T14:26:26] WARNING [django.request.log_response:224] Not Found: /apps/sakkk/dashboard/assets/img/team-4.jpg
[2022-07-26T14:26:26] WARNING [django.request.log_response:224] Not Found: /apps/sakkk/dashboard/assets/img/small-logos/logo-atlassian.svg
[2022-07-26T14:26:26] WARNING [django.request.log_response:224] Not Found: /apps/sakkk/dashboard/assets/img/small-logos/logo-slack.svg
[2022-07-26T14:26:26] WARNING [django.request.log_response:224] Not Found: /apps/sakkk/dashboard/assets/css/styles.css
[2022-07-26T14:26:26] WARNING [django.request.log_response:224] Not Found: /apps/sakkk/dashboard/assets/img/small-logos/logo-spotify.svg
[2022-07-26T14:26:26] WARNING [django.request.log_response:224] Not Found: /apps/sakkk/dashboard/assets/img/small-logos/logo-jira.svg
[2022-07-26T14:26:26] WARNING [django.request.log_response:224] Not Found: /apps/sakkk/dashboard/assets/js/plugins/chartjs.min.js
[2022-07-26T14:26:26] WARNING [django.request.log_response:224] Not Found: /apps/sakkk/dashboard/assets/js/plugins/perfect-scrollbar.min.js
[2022-07-26T14:26:26] WARNING [django.request.log_response:224] Not Found: /apps/sakkk/dashboard/assets/img/small-logos/logo-invision.svg
[2022-07-26T14:26:26] WARNING [django.request.log_response:224] Not Found: /apps/sakkk/dashboard/assets/img/ivancik.jpg
[2022-07-26T14:26:26] WARNING [django.request.log_response:224] Not Found: /apps/sakkk/dashboard/assets/img/team-2.jpg
[2022-07-26T14:26:26] WARNING [django.request.log_response:224] Not Found: /apps/sakkk/dashboard/assets/img/team-4.jpg
[2022-07-26T14:26:26] WARNING [django.request.log_response:224] Not Found: /apps/sakkk/dashboard/assets/img/team-3.jpg
[2022-07-26T14:26:26] WARNING [django.request.log_response:224] Not Found: /apps/sakkk/dashboard/assets/img/team-1.jpg
[2022-07-26T14:26:40] WARNING [django.request.log_response:224] Not Found: /apps/sakkk/dashboard/estimate.html
[2022-07-26T14:27:16] INFO [root.addapp:30] admin_added an app
[2022-07-26T14:27:16] INFO [root.showapps:41] admin_seen the whole applist
[2022-07-26T14:27:26] WARNING [django.request.log_response:224] Not Found: /apps/fghk/dashboard/assets/css/styles.css
[2022-07-26T14:27:26] WARNING [django.request.log_response:224] Not Found: /apps/fghk/dashboard/assets/img/illustrations/rocket-white.png
[2022-07-26T14:27:26] WARNING [django.request.log_response:224] Not Found: /apps/fghk/dashboard/assets/css/styles.css
[2022-07-26T14:27:26] WARNING [django.request.log_response:224] Not Found: /apps/fghk/dashboard/assets/img/small-logos/logo-xd.svg
[2022-07-26T14:27:26] WARNING [django.request.log_response:224] Not Found: /apps/fghk/dashboard/assets/img/team-1.jpg
[2022-07-26T14:27:26] WARNING [django.request.log_response:224] Not Found: /apps/fghk/dashboard/assets/img/team-3.jpg
[2022-07-26T14:27:26] WARNING [django.request.log_response:224] Not Found: /apps/fghk/dashboard/assets/img/team-4.jpg
[2022-07-26T14:27:26] WARNING [django.request.log_response:224] Not Found: /apps/fghk/dashboard/assets/img/team-2.jpg
[2022-07-26T14:27:26] WARNING [django.request.log_response:224] Not Found: /apps/fghk/dashboard/assets/img/small-logos/logo-atlassian.svg
[2022-07-26T14:27:26] WARNING [django.request.log_response:224] Not Found: /apps/fghk/dashboard/assets/img/small-logos/logo-spotify.svg
[2022-07-26T14:27:26] WARNING [django.request.log_response:224] Not Found: /apps/fghk/dashboard/assets/img/small-logos/logo-slack.svg
[2022-07-26T14:27:26] WARNING [django.request.log_response:224] Not Found: /apps/fghk/dashboard/assets/img/small-logos/logo-jira.svg
[2022-07-26T14:27:26] WARNING [django.request.log_response:224] Not Found: /apps/fghk/dashboard/assets/img/small-logos/logo-invision.svg
[2022-07-26T14:27:26] WARNING [django.request.log_response:224] Not Found: /apps/fghk/dashboard/assets/js/plugins/chartjs.min.js
[2022-07-26T14:27:26] WARNING [django.request.log_response:224] Not Found: /apps/fghk/dashboard/assets/js/plugins/perfect-scrollbar.min.js
[2022-07-26T14:27:26] WARNING [django.request.log_response:224] Not Found: /apps/fghk/dashboard/assets/img/team-1.jpg
[2022-07-26T14:27:26] WARNING [django.request.log_response:224] Not Found: /apps/fghk/dashboard/assets/img/ivancik.jpg
[2022-07-26T14:27:40] INFO [root.logout:150] admin_ logged out
[2022-07-26T14:27:41] INFO [root.logout:150] _ logged out
[2022-07-26T14:34:01] INFO [root.showapps:41] saketh_seen the whole applist
[2022-07-26T14:36:33] INFO [root.showapps:41] saketh_seen the whole applist
[2022-07-26T14:36:35] WARNING [django.request.log_response:224] Not Found: /apps/fghk/dashboard/assets/css/styles.css
[2022-07-26T14:36:36] WARNING [django.request.log_response:224] Not Found: /apps/fghk/dashboard/assets/img/illustrations/rocket-white.png
[2022-07-26T14:36:36] WARNING [django.request.log_response:224] Not Found: /apps/fghk/dashboard/assets/img/small-logos/logo-xd.svg
[2022-07-26T14:36:36] WARNING [django.request.log_response:224] Not Found: /apps/fghk/dashboard/assets/css/styles.css
[2022-07-26T14:36:36] WARNING [django.request.log_response:224] Not Found: /apps/fghk/dashboard/assets/img/team-1.jpg
[2022-07-26T14:36:36] WARNING [django.request.log_response:224] Not Found: /apps/fghk/dashboard/assets/img/team-2.jpg
[2022-07-26T14:36:36] WARNING [django.request.log_response:224] Not Found: /apps/fghk/dashboard/assets/img/team-3.jpg
[2022-07-26T14:36:36] WARNING [django.request.log_response:224] Not Found: /apps/fghk/dashboard/assets/img/team-4.jpg
[2022-07-26T14:36:36] WARNING [django.request.log_response:224] Not Found: /apps/fghk/dashboard/assets/img/small-logos/logo-atlassian.svg
[2022-07-26T14:36:36] WARNING [django.request.log_response:224] Not Found: /apps/fghk/dashboard/assets/img/small-logos/logo-slack.svg
[2022-07-26T14:36:36] WARNING [django.request.log_response:224] Not Found: /apps/fghk/dashboard/assets/img/small-logos/logo-jira.svg
[2022-07-26T14:36:36] WARNING [django.request.log_response:224] Not Found: /apps/fghk/dashboard/assets/img/small-logos/logo-spotify.svg
[2022-07-26T14:36:36] WARNING [django.request.log_response:224] Not Found: /apps/fghk/dashboard/assets/img/small-logos/logo-invision.svg
[2022-07-26T14:36:36] WARNING [django.request.log_response:224] Not Found: /apps/fghk/dashboard/assets/js/plugins/chartjs.min.js
[2022-07-26T14:36:36] WARNING [django.request.log_response:224] Not Found: /apps/fghk/dashboard/assets/js/plugins/perfect-scrollbar.min.js
[2022-07-26T14:36:36] WARNING [django.request.log_response:224] Not Found: /apps/fghk/dashboard/assets/img/team-2.jpg
[2022-07-26T14:36:36] WARNING [django.request.log_response:224] Not Found: /apps/fghk/dashboard/assets/img/team-1.jpg
[2022-07-26T14:36:36] WARNING [django.request.log_response:224] Not Found: /apps/fghk/dashboard/assets/img/ivancik.jpg
[2022-07-26T14:40:54] INFO [root.logout:150] saketh_ logged out
[2022-07-26T14:48:37] INFO [django.utils.autoreload.trigger_reload:251] C:\Users\saketh\Documents\billapp\accounts\views.py changed, reloading.
[2022-07-26T14:48:50] INFO [django.utils.autoreload.trigger_reload:251] C:\Users\saketh\Documents\billapp\accounts\views.py changed, reloading.
[2022-07-26T14:48:58] INFO [django.utils.autoreload.trigger_reload:251] C:\Users\saketh\Documents\billapp\accounts\views.py changed, reloading.
[2022-07-26T14:49:06] INFO [django.utils.autoreload.trigger_reload:251] C:\Users\saketh\Documents\billapp\accounts\views.py changed, reloading.
[2022-07-26T14:49:09] INFO [django.utils.autoreload.trigger_reload:251] C:\Users\saketh\Documents\billapp\accounts\views.py changed, reloading.
[2022-07-26T14:49:16] ERROR [django.request.log_response:224] Internal Server Error: /login/
Traceback (most recent call last):
  File "C:\Users\saketh\AppData\Local\Programs\Python\Python39\lib\site-packages\django\core\handlers\exception.py", line 47, in inner
    response = get_response(request)
  File "C:\Users\saketh\AppData\Local\Programs\Python\Python39\lib\site-packages\django\core\handlers\base.py", line 181, in _get_response
    response = wrapped_callback(request, *callback_args, **callback_kwargs)
  File "C:\Users\saketh\AppData\Local\Programs\Python\Python39\lib\site-packages\django\views\generic\base.py", line 70, in view
    return self.dispatch(request, *args, **kwargs)
  File "C:\Users\saketh\AppData\Local\Programs\Python\Python39\lib\site-packages\django\views\generic\base.py", line 98, in dispatch
    return handler(request, *args, **kwargs)
  File "C:\Users\saketh\Documents\billapp\accounts\views.py", line 111, in post
    messages.success("loggedin succesfully")
TypeError: success() missing 1 required positional argument: 'message'
[2022-07-26T14:49:40] INFO [django.utils.autoreload.trigger_reload:251] C:\Users\saketh\Documents\billapp\accounts\views.py changed, reloading.
[2022-07-26T14:49:46] INFO [django.utils.autoreload.trigger_reload:251] C:\Users\saketh\Documents\billapp\accounts\views.py changed, reloading.
[2022-07-26T14:49:52] WARNING [django.security.csrf.log_response:224] Forbidden (CSRF token missing or incorrect.): /login/
[2022-07-26T14:49:56] INFO [root.logout:154] _ logged out
[2022-07-26T14:50:01] ERROR [django.request.log_response:224] Internal Server Error: /login/
Traceback (most recent call last):
  File "C:\Users\saketh\AppData\Local\Programs\Python\Python39\lib\site-packages\django\core\handlers\exception.py", line 47, in inner
    response = get_response(request)
  File "C:\Users\saketh\AppData\Local\Programs\Python\Python39\lib\site-packages\django\core\handlers\base.py", line 181, in _get_response
    response = wrapped_callback(request, *callback_args, **callback_kwargs)
  File "C:\Users\saketh\AppData\Local\Programs\Python\Python39\lib\site-packages\django\views\generic\base.py", line 70, in view
    return self.dispatch(request, *args, **kwargs)
  File "C:\Users\saketh\AppData\Local\Programs\Python\Python39\lib\site-packages\django\views\generic\base.py", line 98, in dispatch
    return handler(request, *args, **kwargs)
  File "C:\Users\saketh\Documents\billapp\accounts\views.py", line 111, in post
    messages.success(request,"loggedin succesfully")
TypeError: success() missing 1 required positional argument: 'message'
[2022-07-26T14:50:35] INFO [django.utils.autoreload.trigger_reload:251] C:\Users\saketh\Documents\billapp\accounts\views.py changed, reloading.
[2022-07-26T14:50:46] INFO [root.logout:154] _ logged out
[2022-07-26T14:50:49] INFO [root.showapps:41] admin_seen the whole applist
[2022-07-26T14:53:00] INFO [root.showapps:41] admin_seen the whole applist
[2022-07-26T14:53:00] ERROR [django.request.log_response:224] Internal Server Error: /apps/all/
Traceback (most recent call last):
  File "C:\Users\saketh\AppData\Local\Programs\Python\Python39\lib\site-packages\django\template\backends\django.py", line 61, in render
    return self.template.render(context)
  File "C:\Users\saketh\AppData\Local\Programs\Python\Python39\lib\site-packages\django\template\base.py", line 170, in render
    return self._render(context)
  File "C:\Users\saketh\AppData\Local\Programs\Python\Python39\lib\site-packages\django\template\base.py", line 162, in _render
    return self.nodelist.render(context)
  File "C:\Users\saketh\AppData\Local\Programs\Python\Python39\lib\site-packages\django\template\base.py", line 938, in render
    bit = node.render_annotated(context)
  File "C:\Users\saketh\AppData\Local\Programs\Python\Python39\lib\site-packages\django\template\base.py", line 905, in render_annotated
    return self.render(context)
  File "C:\Users\saketh\AppData\Local\Programs\Python\Python39\lib\site-packages\django\template\loader_tags.py", line 183, in render
    template = context.template.engine.select_template(template_name)
  File "C:\Users\saketh\AppData\Local\Programs\Python\Python39\lib\site-packages\django\template\engine.py", line 170, in select_template
    raise TemplateDoesNotExist("No template names provided")
django.template.exceptions.TemplateDoesNotExist: No template names provided

The above exception was the direct cause of the following exception:

Traceback (most recent call last):
  File "C:\Users\saketh\AppData\Local\Programs\Python\Python39\lib\site-packages\django\core\handlers\exception.py", line 47, in inner
    response = get_response(request)
  File "C:\Users\saketh\AppData\Local\Programs\Python\Python39\lib\site-packages\django\core\handlers\base.py", line 181, in _get_response
    response = wrapped_callback(request, *callback_args, **callback_kwargs)
  File "C:\Users\saketh\AppData\Local\Programs\Python\Python39\lib\site-packages\django\contrib\auth\decorators.py", line 21, in _wrapped_view
    return view_func(request, *args, **kwargs)
  File "C:\Users\saketh\Documents\billapp\apps\views.py", line 42, in showapps
    return render(request,'showapps.html',{'showapp':appli,'leni':leni,'msg':mssg})
  File "C:\Users\saketh\AppData\Local\Programs\Python\Python39\lib\site-packages\django\shortcuts.py", line 19, in render
    content = loader.render_to_string(template_name, context, request, using=using)
  File "C:\Users\saketh\AppData\Local\Programs\Python\Python39\lib\site-packages\django\template\loader.py", line 62, in render_to_string
    return template.render(context, request)
  File "C:\Users\saketh\AppData\Local\Programs\Python\Python39\lib\site-packages\django\template\backends\django.py", line 63, in render
    reraise(exc, self.backend)
  File "C:\Users\saketh\AppData\Local\Programs\Python\Python39\lib\site-packages\django\template\backends\django.py", line 84, in reraise
    raise new from exc
django.template.exceptions.TemplateDoesNotExist: No template names provided
[2022-07-26T14:53:20] INFO [root.showapps:41] admin_seen the whole applist
[2022-07-26T14:53:20] ERROR [django.request.log_response:224] Internal Server Error: /apps/all/
Traceback (most recent call last):
  File "C:\Users\saketh\AppData\Local\Programs\Python\Python39\lib\site-packages\django\template\backends\django.py", line 61, in render
    return self.template.render(context)
  File "C:\Users\saketh\AppData\Local\Programs\Python\Python39\lib\site-packages\django\template\base.py", line 170, in render
    return self._render(context)
  File "C:\Users\saketh\AppData\Local\Programs\Python\Python39\lib\site-packages\django\template\base.py", line 162, in _render
    return self.nodelist.render(context)
  File "C:\Users\saketh\AppData\Local\Programs\Python\Python39\lib\site-packages\django\template\base.py", line 938, in render
    bit = node.render_annotated(context)
  File "C:\Users\saketh\AppData\Local\Programs\Python\Python39\lib\site-packages\django\template\base.py", line 905, in render_annotated
    return self.render(context)
  File "C:\Users\saketh\AppData\Local\Programs\Python\Python39\lib\site-packages\django\template\loader_tags.py", line 183, in render
    template = context.template.engine.select_template(template_name)
  File "C:\Users\saketh\AppData\Local\Programs\Python\Python39\lib\site-packages\django\template\engine.py", line 170, in select_template
    raise TemplateDoesNotExist("No template names provided")
django.template.exceptions.TemplateDoesNotExist: No template names provided

The above exception was the direct cause of the following exception:

Traceback (most recent call last):
  File "C:\Users\saketh\AppData\Local\Programs\Python\Python39\lib\site-packages\django\core\handlers\exception.py", line 47, in inner
    response = get_response(request)
  File "C:\Users\saketh\AppData\Local\Programs\Python\Python39\lib\site-packages\django\core\handlers\base.py", line 181, in _get_response
    response = wrapped_callback(request, *callback_args, **callback_kwargs)
  File "C:\Users\saketh\AppData\Local\Programs\Python\Python39\lib\site-packages\django\contrib\auth\decorators.py", line 21, in _wrapped_view
    return view_func(request, *args, **kwargs)
  File "C:\Users\saketh\Documents\billapp\apps\views.py", line 42, in showapps
    return render(request,'showapps.html',{'showapp':appli,'leni':leni,'msg':mssg})
  File "C:\Users\saketh\AppData\Local\Programs\Python\Python39\lib\site-packages\django\shortcuts.py", line 19, in render
    content = loader.render_to_string(template_name, context, request, using=using)
  File "C:\Users\saketh\AppData\Local\Programs\Python\Python39\lib\site-packages\django\template\loader.py", line 62, in render_to_string
    return template.render(context, request)
  File "C:\Users\saketh\AppData\Local\Programs\Python\Python39\lib\site-packages\django\template\backends\django.py", line 63, in render
    reraise(exc, self.backend)
  File "C:\Users\saketh\AppData\Local\Programs\Python\Python39\lib\site-packages\django\template\backends\django.py", line 84, in reraise
    raise new from exc
django.template.exceptions.TemplateDoesNotExist: No template names provided
[2022-07-26T14:53:55] INFO [root.showapps:41] admin_seen the whole applist
[2022-07-26T14:54:22] INFO [root.showapps:41] admin_seen the whole applist
[2022-07-26T14:54:26] INFO [root.showapps:41] admin_seen the whole applist
[2022-07-26T14:54:27] INFO [root.showapps:41] admin_seen the whole applist
[2022-07-26T14:54:27] INFO [root.showapps:41] admin_seen the whole applist
[2022-07-26T14:54:28] INFO [root.showapps:41] admin_seen the whole applist
[2022-07-26T14:54:28] INFO [root.showapps:41] admin_seen the whole applist
[2022-07-26T14:54:34] INFO [root.showapps:41] admin_seen the whole applist
[2022-07-26T14:54:34] INFO [root.showapps:41] admin_seen the whole applist
[2022-07-26T14:54:34] INFO [root.showapps:41] admin_seen the whole applist
[2022-07-26T14:54:35] INFO [root.showapps:41] admin_seen the whole applist
[2022-07-26T14:54:41] INFO [root.showapps:41] admin_seen the whole applist
[2022-07-26T14:54:48] INFO [root.logout:154] admin_ logged out
[2022-07-26T14:54:51] INFO [root.showapps:41] admin_seen the whole applist
[2022-07-26T14:54:59] INFO [root.showapps:41] admin_seen the whole applist
[2022-07-26T14:56:49] INFO [root.showapps:41] admin_seen the whole applist
[2022-07-26T14:57:25] WARNING [django.request.log_response:224] Not Found: /apps/fghk/dashboard/assets/css/styles.css
[2022-07-26T14:57:25] WARNING [django.request.log_response:224] Not Found: /apps/fghk/dashboard/assets/img/illustrations/rocket-white.png
[2022-07-26T14:57:25] WARNING [django.request.log_response:224] Not Found: /apps/fghk/dashboard/assets/css/styles.css
[2022-07-26T14:57:25] WARNING [django.request.log_response:224] Not Found: /apps/fghk/dashboard/assets/img/small-logos/logo-xd.svg
[2022-07-26T14:57:25] WARNING [django.request.log_response:224] Not Found: /apps/fghk/dashboard/assets/img/team-1.jpg
[2022-07-26T14:57:25] WARNING [django.request.log_response:224] Not Found: /apps/fghk/dashboard/assets/img/team-2.jpg
[2022-07-26T14:57:25] WARNING [django.request.log_response:224] Not Found: /apps/fghk/dashboard/assets/img/team-4.jpg
[2022-07-26T14:57:25] WARNING [django.request.log_response:224] Not Found: /apps/fghk/dashboard/assets/img/small-logos/logo-atlassian.svg
[2022-07-26T14:57:25] WARNING [django.request.log_response:224] Not Found: /apps/fghk/dashboard/assets/img/team-3.jpg
[2022-07-26T14:57:25] WARNING [django.request.log_response:224] Not Found: /apps/fghk/dashboard/assets/img/small-logos/logo-slack.svg
[2022-07-26T14:57:25] WARNING [django.request.log_response:224] Not Found: /apps/fghk/dashboard/assets/img/small-logos/logo-spotify.svg
[2022-07-26T14:57:25] WARNING [django.request.log_response:224] Not Found: /apps/fghk/dashboard/assets/js/plugins/perfect-scrollbar.min.js
[2022-07-26T14:57:25] WARNING [django.request.log_response:224] Not Found: /apps/fghk/dashboard/assets/img/small-logos/logo-jira.svg
[2022-07-26T14:57:25] WARNING [django.request.log_response:224] Not Found: /apps/fghk/dashboard/assets/img/small-logos/logo-invision.svg
[2022-07-26T14:57:25] WARNING [django.request.log_response:224] Not Found: /apps/fghk/dashboard/assets/js/plugins/chartjs.min.js
[2022-07-26T14:57:25] WARNING [django.request.log_response:224] Not Found: /apps/fghk/dashboard/assets/img/ivancik.jpg
[2022-07-26T14:57:25] WARNING [django.request.log_response:224] Not Found: /apps/fghk/dashboard/assets/img/team-1.jpg
[2022-07-26T14:59:35] INFO [django.utils.autoreload.trigger_reload:251] C:\Users\saketh\Documents\billapp\accounts\views.py changed, reloading.
[2022-07-26T14:59:43] INFO [django.utils.autoreload.trigger_reload:251] C:\Users\saketh\Documents\billapp\accounts\views.py changed, reloading.
[2022-07-26T14:59:52] INFO [root.logout:154] admin_ logged out
[2022-07-26T14:59:54] INFO [root.logout:154] _ logged out
[2022-07-26T14:59:57] INFO [root.showapps:41] admin_seen the whole applist
[2022-07-26T15:00:05] WARNING [django.request.log_response:224] Not Found: /apps/fghk/dashboard/assets/css/styles.css
[2022-07-26T15:00:05] WARNING [django.request.log_response:224] Not Found: /apps/fghk/dashboard/assets/img/illustrations/rocket-white.png
[2022-07-26T15:00:05] WARNING [django.request.log_response:224] Not Found: /apps/fghk/dashboard/assets/img/small-logos/logo-xd.svg
[2022-07-26T15:00:05] WARNING [django.request.log_response:224] Not Found: /apps/fghk/dashboard/assets/img/team-1.jpg
[2022-07-26T15:00:05] WARNING [django.request.log_response:224] Not Found: /apps/fghk/dashboard/assets/img/team-2.jpg
[2022-07-26T15:00:05] WARNING [django.request.log_response:224] Not Found: /apps/fghk/dashboard/assets/css/styles.css
[2022-07-26T15:00:05] WARNING [django.request.log_response:224] Not Found: /apps/fghk/dashboard/assets/img/team-4.jpg
[2022-07-26T15:00:05] WARNING [django.request.log_response:224] Not Found: /apps/fghk/dashboard/assets/img/team-3.jpg
[2022-07-26T15:00:05] WARNING [django.request.log_response:224] Not Found: /apps/fghk/dashboard/assets/img/small-logos/logo-atlassian.svg
[2022-07-26T15:00:05] WARNING [django.request.log_response:224] Not Found: /apps/fghk/dashboard/assets/img/small-logos/logo-slack.svg
[2022-07-26T15:00:05] WARNING [django.request.log_response:224] Not Found: /apps/fghk/dashboard/assets/img/small-logos/logo-invision.svg
[2022-07-26T15:00:05] WARNING [django.request.log_response:224] Not Found: /apps/fghk/dashboard/assets/img/small-logos/logo-spotify.svg
[2022-07-26T15:00:05] WARNING [django.request.log_response:224] Not Found: /apps/fghk/dashboard/assets/img/small-logos/logo-jira.svg
[2022-07-26T15:00:05] WARNING [django.request.log_response:224] Not Found: /apps/fghk/dashboard/assets/js/plugins/chartjs.min.js
[2022-07-26T15:00:05] WARNING [django.request.log_response:224] Not Found: /apps/fghk/dashboard/assets/img/team-4.jpg
[2022-07-26T15:00:05] WARNING [django.request.log_response:224] Not Found: /apps/fghk/dashboard/assets/js/plugins/perfect-scrollbar.min.js
[2022-07-26T15:00:05] WARNING [django.request.log_response:224] Not Found: /apps/fghk/dashboard/assets/img/team-2.jpg
[2022-07-26T15:00:05] WARNING [django.request.log_response:224] Not Found: /apps/fghk/dashboard/assets/img/team-3.jpg
[2022-07-26T15:00:05] WARNING [django.request.log_response:224] Not Found: /apps/fghk/dashboard/assets/img/team-1.jpg
[2022-07-26T15:00:05] WARNING [django.request.log_response:224] Not Found: /apps/fghk/dashboard/assets/img/ivancik.jpg
[2022-07-26T15:00:28] INFO [root.logout:154] admin_ logged out
[2022-07-26T15:00:31] INFO [root.showapps:41] admin_seen the whole applist
[2022-07-26T15:03:49] INFO [root.logout:154] admin_ logged out
[2022-07-26T15:03:52] INFO [root.showapps:41] admin_seen the whole applist
[2022-07-26T15:06:38] INFO [root.logout:154] admin_ logged out
[2022-07-26T15:06:40] INFO [root.logout:154] _ logged out
[2022-07-26T15:06:43] INFO [root.showapps:41] admin_seen the whole applist
[2022-07-26T15:06:52] INFO [root.showapps:41] admin_seen the whole applist
[2022-07-26T15:06:58] INFO [root.logout:154] admin_ logged out
[2022-07-26T15:11:26] INFO [root.showapps:41] admin_seen the whole applist
[2022-07-26T15:11:40] WARNING [django.request.log_response:224] Not Found: /apps/fghk/dashboard/assets/css/styles.css
[2022-07-26T15:11:40] WARNING [django.request.log_response:224] Not Found: /apps/fghk/dashboard/assets/img/illustrations/rocket-white.png
[2022-07-26T15:11:40] WARNING [django.request.log_response:224] Not Found: /apps/fghk/dashboard/assets/img/small-logos/logo-xd.svg
[2022-07-26T15:11:40] WARNING [django.request.log_response:224] Not Found: /apps/fghk/dashboard/assets/img/team-1.jpg
[2022-07-26T15:11:40] WARNING [django.request.log_response:224] Not Found: /apps/fghk/dashboard/assets/css/styles.css
[2022-07-26T15:11:40] WARNING [django.request.log_response:224] Not Found: /apps/fghk/dashboard/assets/img/team-3.jpg
[2022-07-26T15:11:40] WARNING [django.request.log_response:224] Not Found: /apps/fghk/dashboard/assets/img/team-2.jpg
[2022-07-26T15:11:40] WARNING [django.request.log_response:224] Not Found: /apps/fghk/dashboard/assets/img/team-4.jpg
[2022-07-26T15:11:40] WARNING [django.request.log_response:224] Not Found: /apps/fghk/dashboard/assets/img/small-logos/logo-slack.svg
[2022-07-26T15:11:40] WARNING [django.request.log_response:224] Not Found: /apps/fghk/dashboard/assets/img/small-logos/logo-atlassian.svg
[2022-07-26T15:11:40] WARNING [django.request.log_response:224] Not Found: /apps/fghk/dashboard/assets/img/small-logos/logo-spotify.svg
[2022-07-26T15:11:40] WARNING [django.request.log_response:224] Not Found: /apps/fghk/dashboard/assets/img/small-logos/logo-invision.svg
[2022-07-26T15:11:40] WARNING [django.request.log_response:224] Not Found: /apps/fghk/dashboard/assets/img/small-logos/logo-jira.svg
[2022-07-26T15:11:40] WARNING [django.request.log_response:224] Not Found: /apps/fghk/dashboard/assets/js/plugins/chartjs.min.js
[2022-07-26T15:11:40] WARNING [django.request.log_response:224] Not Found: /apps/fghk/dashboard/assets/js/plugins/perfect-scrollbar.min.js
[2022-07-26T15:11:40] WARNING [django.request.log_response:224] Not Found: /apps/fghk/dashboard/assets/img/ivancik.jpg
[2022-07-26T15:11:40] WARNING [django.request.log_response:224] Not Found: /apps/fghk/dashboard/assets/img/team-3.jpg
[2022-07-26T15:11:40] WARNING [django.request.log_response:224] Not Found: /apps/fghk/dashboard/assets/img/team-2.jpg
[2022-07-26T15:11:40] WARNING [django.request.log_response:224] Not Found: /apps/fghk/dashboard/assets/img/team-1.jpg
[2022-07-26T15:11:55] INFO [root.logout:154] admin_ logged out
[2022-07-26T15:12:10] INFO [root.showapps:41] admin_seen the whole applist
[2022-07-26T15:12:28] INFO [root.logout:154] admin_ logged out
[2022-07-26T15:12:31] INFO [root.showapps:41] admin_seen the whole applist
[2022-07-26T15:14:49] INFO [root.logout:154] admin_ logged out
[2022-07-26T15:14:53] INFO [root.showapps:41] admin_seen the whole applist
[2022-07-26T15:17:03] INFO [root.logout:154] admin_ logged out
[2022-07-26T15:17:06] INFO [root.showapps:41] admin_seen the whole applist
[2022-07-26T15:17:22] INFO [root.logout:154] admin_ logged out
[2022-07-26T15:17:26] INFO [root.showapps:41] admin_seen the whole applist
[2022-07-26T15:17:47] INFO [root.showapps:41] admin_seen the whole applist
[2022-07-26T15:17:47] INFO [root.showapps:41] admin_seen the whole applist
[2022-07-26T15:17:47] INFO [root.showapps:41] admin_seen the whole applist
[2022-07-26T15:17:48] INFO [root.showapps:41] admin_seen the whole applist
[2022-07-26T15:17:48] INFO [root.showapps:41] admin_seen the whole applist
[2022-07-26T15:17:53] INFO [root.logout:154] admin_ logged out
[2022-07-26T15:17:57] INFO [root.showapps:41] admin_seen the whole applist
[2022-07-26T15:18:28] INFO [root.logout:154] admin_ logged out
[2022-07-26T15:18:32] INFO [root.showapps:41] admin_seen the whole applist
[2022-07-26T15:20:37] INFO [root.showapps:41] admin_seen the whole applist
[2022-07-26T15:22:02] INFO [root.logout:154] admin_ logged out
[2022-07-26T15:22:06] INFO [root.showapps:41] admin_seen the whole applist
[2022-07-26T15:22:50] INFO [root.showapps:41] admin_seen the whole applist
[2022-07-26T15:24:13] INFO [root.logout:154] admin_ logged out
[2022-07-26T15:26:07] ERROR [django.request.log_response:224] Internal Server Error: /register
Traceback (most recent call last):
  File "C:\Users\saketh\AppData\Local\Programs\Python\Python39\lib\site-packages\django\core\handlers\exception.py", line 47, in inner
    response = get_response(request)
  File "C:\Users\saketh\AppData\Local\Programs\Python\Python39\lib\site-packages\django\core\handlers\base.py", line 181, in _get_response
    response = wrapped_callback(request, *callback_args, **callback_kwargs)
  File "C:\Users\saketh\AppData\Local\Programs\Python\Python39\lib\site-packages\django\views\generic\base.py", line 70, in view
    return self.dispatch(request, *args, **kwargs)
  File "C:\Users\saketh\AppData\Local\Programs\Python\Python39\lib\site-packages\django\views\generic\base.py", line 98, in dispatch
    return handler(request, *args, **kwargs)
  File "C:\Users\saketh\Documents\billapp\accounts\views.py", line 59, in post
    email.send(fail_silently=False)
  File "C:\Users\saketh\AppData\Local\Programs\Python\Python39\lib\site-packages\django\core\mail\message.py", line 284, in send
    return self.get_connection(fail_silently).send_messages([self])
  File "C:\Users\saketh\AppData\Local\Programs\Python\Python39\lib\site-packages\django\core\mail\backends\smtp.py", line 102, in send_messages
    new_conn_created = self.open()
  File "C:\Users\saketh\AppData\Local\Programs\Python\Python39\lib\site-packages\django\core\mail\backends\smtp.py", line 69, in open
    self.connection.login(self.username, self.password)
  File "C:\Users\saketh\AppData\Local\Programs\Python\Python39\lib\smtplib.py", line 745, in login
    raise last_exception
  File "C:\Users\saketh\AppData\Local\Programs\Python\Python39\lib\smtplib.py", line 734, in login
    (code, resp) = self.auth(
  File "C:\Users\saketh\AppData\Local\Programs\Python\Python39\lib\smtplib.py", line 657, in auth
    raise SMTPAuthenticationError(code, resp)
smtplib.SMTPAuthenticationError: (535, b'5.7.8 Username and Password not accepted. Learn more at\n5.7.8  https://support.google.com/mail/?p=BadCredentials cp14-20020a170902e78e00b0016d80313a4esm3416079plb.164 - gsmtp')
[2022-07-26T15:27:04] INFO [root.showapps:41] admin_seen the whole applist
[2022-07-26T15:28:18] WARNING [django.request.log_response:224] Not Found: /apps/fghk/dashboard/assets/css/styles.css
[2022-07-26T15:28:19] WARNING [django.request.log_response:224] Not Found: /apps/fghk/dashboard/assets/img/illustrations/rocket-white.png
[2022-07-26T15:28:19] WARNING [django.request.log_response:224] Not Found: /apps/fghk/dashboard/assets/img/small-logos/logo-xd.svg
[2022-07-26T15:28:19] WARNING [django.request.log_response:224] Not Found: /apps/fghk/dashboard/assets/img/team-1.jpg
[2022-07-26T15:28:19] WARNING [django.request.log_response:224] Not Found: /apps/fghk/dashboard/assets/img/team-2.jpg
[2022-07-26T15:28:19] WARNING [django.request.log_response:224] Not Found: /apps/fghk/dashboard/assets/img/team-3.jpg
[2022-07-26T15:28:19] WARNING [django.request.log_response:224] Not Found: /apps/fghk/dashboard/assets/css/styles.css
[2022-07-26T15:28:19] WARNING [django.request.log_response:224] Not Found: /apps/fghk/dashboard/assets/img/small-logos/logo-atlassian.svg
[2022-07-26T15:28:19] WARNING [django.request.log_response:224] Not Found: /apps/fghk/dashboard/assets/img/team-4.jpg
[2022-07-26T15:28:19] WARNING [django.request.log_response:224] Not Found: /apps/fghk/dashboard/assets/img/small-logos/logo-spotify.svg
[2022-07-26T15:28:19] WARNING [django.request.log_response:224] Not Found: /apps/fghk/dashboard/assets/img/small-logos/logo-slack.svg
[2022-07-26T15:28:19] WARNING [django.request.log_response:224] Not Found: /apps/fghk/dashboard/assets/img/small-logos/logo-jira.svg
[2022-07-26T15:28:19] WARNING [django.request.log_response:224] Not Found: /apps/fghk/dashboard/assets/img/small-logos/logo-invision.svg
[2022-07-26T15:28:19] WARNING [django.request.log_response:224] Not Found: /apps/fghk/dashboard/assets/js/plugins/chartjs.min.js
[2022-07-26T15:28:19] WARNING [django.request.log_response:224] Not Found: /apps/fghk/dashboard/assets/js/plugins/perfect-scrollbar.min.js
[2022-07-26T15:28:19] WARNING [django.request.log_response:224] Not Found: /apps/fghk/dashboard/assets/img/team-3.jpg
[2022-07-26T15:28:19] WARNING [django.request.log_response:224] Not Found: /apps/fghk/dashboard/assets/img/team-2.jpg
[2022-07-26T15:28:19] WARNING [django.request.log_response:224] Not Found: /apps/fghk/dashboard/assets/img/ivancik.jpg
[2022-07-26T15:28:19] WARNING [django.request.log_response:224] Not Found: /apps/fghk/dashboard/assets/img/team-1.jpg
[2022-07-26T15:28:29] WARNING [django.request.log_response:224] Not Found: /apps/fghk/dashboard/create.html
[2022-07-26T15:39:19] INFO [django.utils.autoreload.trigger_reload:251] C:\Users\saketh\Documents\billapp\accounts\models.py changed, reloading.
[2022-07-26T15:39:54] INFO [django.utils.autoreload.trigger_reload:251] C:\Users\saketh\Documents\billapp\accounts\models.py changed, reloading.
[2022-07-26T15:40:32] INFO [django.utils.autoreload.trigger_reload:251] C:\Users\saketh\Documents\billapp\accounts\models.py changed, reloading.
[2022-07-26T15:40:50] INFO [django.utils.autoreload.trigger_reload:251] C:\Users\saketh\Documents\billapp\accounts\models.py changed, reloading.
[2022-07-26T15:41:29] INFO [django.utils.autoreload.trigger_reload:251] C:\Users\saketh\Documents\billapp\accounts\models.py changed, reloading.
[2022-07-26T15:41:32] INFO [django.utils.autoreload.trigger_reload:251] C:\Users\saketh\Documents\billapp\accounts\models.py changed, reloading.
[2022-07-26T16:09:15] ERROR [django.request.log_response:224] Internal Server Error: /admin/accounts/profile/
Traceback (most recent call last):
  File "C:\Users\saketh\AppData\Local\Programs\Python\Python39\lib\site-packages\django\db\backends\utils.py", line 84, in _execute
    return self.cursor.execute(sql, params)
  File "C:\Users\saketh\AppData\Local\Programs\Python\Python39\lib\site-packages\django\db\backends\mysql\base.py", line 73, in execute
    return self.cursor.execute(query, args)
  File "C:\Users\saketh\AppData\Local\Programs\Python\Python39\lib\site-packages\MySQLdb\cursors.py", line 206, in execute
    res = self._query(query)
  File "C:\Users\saketh\AppData\Local\Programs\Python\Python39\lib\site-packages\MySQLdb\cursors.py", line 319, in _query
    db.query(q)
  File "C:\Users\saketh\AppData\Local\Programs\Python\Python39\lib\site-packages\MySQLdb\connections.py", line 254, in query
    _mysql.connection.query(self, query)
MySQLdb._exceptions.OperationalError: (1054, "Unknown column 'accounts_profile.app_id' in 'field list'")

The above exception was the direct cause of the following exception:

Traceback (most recent call last):
  File "C:\Users\saketh\AppData\Local\Programs\Python\Python39\lib\site-packages\django\core\handlers\exception.py", line 47, in inner
    response = get_response(request)
  File "C:\Users\saketh\AppData\Local\Programs\Python\Python39\lib\site-packages\django\core\handlers\base.py", line 181, in _get_response
    response = wrapped_callback(request, *callback_args, **callback_kwargs)
  File "C:\Users\saketh\AppData\Local\Programs\Python\Python39\lib\site-packages\django\contrib\admin\options.py", line 616, in wrapper
    return self.admin_site.admin_view(view)(*args, **kwargs)
  File "C:\Users\saketh\AppData\Local\Programs\Python\Python39\lib\site-packages\django\utils\decorators.py", line 130, in _wrapped_view
    response = view_func(request, *args, **kwargs)
  File "C:\Users\saketh\AppData\Local\Programs\Python\Python39\lib\site-packages\django\views\decorators\cache.py", line 44, in _wrapped_view_func
    response = view_func(request, *args, **kwargs)
  File "C:\Users\saketh\AppData\Local\Programs\Python\Python39\lib\site-packages\django\contrib\admin\sites.py", line 232, in inner
    return view(request, *args, **kwargs)
  File "C:\Users\saketh\AppData\Local\Programs\Python\Python39\lib\site-packages\django\utils\decorators.py", line 43, in _wrapper
    return bound_method(*args, **kwargs)
  File "C:\Users\saketh\AppData\Local\Programs\Python\Python39\lib\site-packages\django\utils\decorators.py", line 130, in _wrapped_view
    response = view_func(request, *args, **kwargs)
  File "C:\Users\saketh\AppData\Local\Programs\Python\Python39\lib\site-packages\django\contrib\admin\options.py", line 1815, in changelist_view
    'selection_note': _('0 of %(cnt)s selected') % {'cnt': len(cl.result_list)},
  File "C:\Users\saketh\AppData\Local\Programs\Python\Python39\lib\site-packages\django\db\models\query.py", line 262, in __len__
    self._fetch_all()
  File "C:\Users\saketh\AppData\Local\Programs\Python\Python39\lib\site-packages\django\db\models\query.py", line 1324, in _fetch_all
    self._result_cache = list(self._iterable_class(self))
  File "C:\Users\saketh\AppData\Local\Programs\Python\Python39\lib\site-packages\django\db\models\query.py", line 51, in __iter__
    results = compiler.execute_sql(chunked_fetch=self.chunked_fetch, chunk_size=self.chunk_size)
  File "C:\Users\saketh\AppData\Local\Programs\Python\Python39\lib\site-packages\django\db\models\sql\compiler.py", line 1175, in execute_sql
    cursor.execute(sql, params)
  File "C:\Users\saketh\AppData\Local\Programs\Python\Python39\lib\site-packages\django\db\backends\utils.py", line 98, in execute
    return super().execute(sql, params)
  File "C:\Users\saketh\AppData\Local\Programs\Python\Python39\lib\site-packages\django\db\backends\utils.py", line 66, in execute
    return self._execute_with_wrappers(sql, params, many=False, executor=self._execute)
  File "C:\Users\saketh\AppData\Local\Programs\Python\Python39\lib\site-packages\django\db\backends\utils.py", line 75, in _execute_with_wrappers
    return executor(sql, params, many, context)
  File "C:\Users\saketh\AppData\Local\Programs\Python\Python39\lib\site-packages\django\db\backends\utils.py", line 84, in _execute
    return self.cursor.execute(sql, params)
  File "C:\Users\saketh\AppData\Local\Programs\Python\Python39\lib\site-packages\django\db\utils.py", line 90, in __exit__
    raise dj_exc_value.with_traceback(traceback) from exc_value
  File "C:\Users\saketh\AppData\Local\Programs\Python\Python39\lib\site-packages\django\db\backends\utils.py", line 84, in _execute
    return self.cursor.execute(sql, params)
  File "C:\Users\saketh\AppData\Local\Programs\Python\Python39\lib\site-packages\django\db\backends\mysql\base.py", line 73, in execute
    return self.cursor.execute(query, args)
  File "C:\Users\saketh\AppData\Local\Programs\Python\Python39\lib\site-packages\MySQLdb\cursors.py", line 206, in execute
    res = self._query(query)
  File "C:\Users\saketh\AppData\Local\Programs\Python\Python39\lib\site-packages\MySQLdb\cursors.py", line 319, in _query
    db.query(q)
  File "C:\Users\saketh\AppData\Local\Programs\Python\Python39\lib\site-packages\MySQLdb\connections.py", line 254, in query
    _mysql.connection.query(self, query)
django.db.utils.OperationalError: (1054, "Unknown column 'accounts_profile.app_id' in 'field list'")
[2022-07-26T16:13:50] INFO [django.utils.autoreload.trigger_reload:251] C:\Users\saketh\Documents\billapp\accounts\models.py changed, reloading.
[2022-07-26T16:15:18] INFO [django.utils.autoreload.trigger_reload:251] C:\Users\saketh\Documents\billapp\accounts\migrations\0001_initial.py changed, reloading.
[2022-07-26T16:15:56] ERROR [django.request.log_response:224] Internal Server Error: /admin/accounts/profile/
Traceback (most recent call last):
  File "C:\Users\saketh\AppData\Local\Programs\Python\Python39\lib\site-packages\django\db\backends\utils.py", line 84, in _execute
    return self.cursor.execute(sql, params)
  File "C:\Users\saketh\AppData\Local\Programs\Python\Python39\lib\site-packages\django\db\backends\mysql\base.py", line 73, in execute
    return self.cursor.execute(query, args)
  File "C:\Users\saketh\AppData\Local\Programs\Python\Python39\lib\site-packages\MySQLdb\cursors.py", line 206, in execute
    res = self._query(query)
  File "C:\Users\saketh\AppData\Local\Programs\Python\Python39\lib\site-packages\MySQLdb\cursors.py", line 319, in _query
    db.query(q)
  File "C:\Users\saketh\AppData\Local\Programs\Python\Python39\lib\site-packages\MySQLdb\connections.py", line 254, in query
    _mysql.connection.query(self, query)
MySQLdb._exceptions.OperationalError: (1054, "Unknown column 'accounts_profile.utility_name' in 'field list'")

The above exception was the direct cause of the following exception:

Traceback (most recent call last):
  File "C:\Users\saketh\AppData\Local\Programs\Python\Python39\lib\site-packages\django\core\handlers\exception.py", line 47, in inner
    response = get_response(request)
  File "C:\Users\saketh\AppData\Local\Programs\Python\Python39\lib\site-packages\django\core\handlers\base.py", line 181, in _get_response
    response = wrapped_callback(request, *callback_args, **callback_kwargs)
  File "C:\Users\saketh\AppData\Local\Programs\Python\Python39\lib\site-packages\django\contrib\admin\options.py", line 616, in wrapper
    return self.admin_site.admin_view(view)(*args, **kwargs)
  File "C:\Users\saketh\AppData\Local\Programs\Python\Python39\lib\site-packages\django\utils\decorators.py", line 130, in _wrapped_view
    response = view_func(request, *args, **kwargs)
  File "C:\Users\saketh\AppData\Local\Programs\Python\Python39\lib\site-packages\django\views\decorators\cache.py", line 44, in _wrapped_view_func
    response = view_func(request, *args, **kwargs)
  File "C:\Users\saketh\AppData\Local\Programs\Python\Python39\lib\site-packages\django\contrib\admin\sites.py", line 232, in inner
    return view(request, *args, **kwargs)
  File "C:\Users\saketh\AppData\Local\Programs\Python\Python39\lib\site-packages\django\utils\decorators.py", line 43, in _wrapper
    return bound_method(*args, **kwargs)
  File "C:\Users\saketh\AppData\Local\Programs\Python\Python39\lib\site-packages\django\utils\decorators.py", line 130, in _wrapped_view
    response = view_func(request, *args, **kwargs)
  File "C:\Users\saketh\AppData\Local\Programs\Python\Python39\lib\site-packages\django\contrib\admin\options.py", line 1815, in changelist_view
    'selection_note': _('0 of %(cnt)s selected') % {'cnt': len(cl.result_list)},
  File "C:\Users\saketh\AppData\Local\Programs\Python\Python39\lib\site-packages\django\db\models\query.py", line 262, in __len__
    self._fetch_all()
  File "C:\Users\saketh\AppData\Local\Programs\Python\Python39\lib\site-packages\django\db\models\query.py", line 1324, in _fetch_all
    self._result_cache = list(self._iterable_class(self))
  File "C:\Users\saketh\AppData\Local\Programs\Python\Python39\lib\site-packages\django\db\models\query.py", line 51, in __iter__
    results = compiler.execute_sql(chunked_fetch=self.chunked_fetch, chunk_size=self.chunk_size)
  File "C:\Users\saketh\AppData\Local\Programs\Python\Python39\lib\site-packages\django\db\models\sql\compiler.py", line 1175, in execute_sql
    cursor.execute(sql, params)
  File "C:\Users\saketh\AppData\Local\Programs\Python\Python39\lib\site-packages\django\db\backends\utils.py", line 98, in execute
    return super().execute(sql, params)
  File "C:\Users\saketh\AppData\Local\Programs\Python\Python39\lib\site-packages\django\db\backends\utils.py", line 66, in execute
    return self._execute_with_wrappers(sql, params, many=False, executor=self._execute)
  File "C:\Users\saketh\AppData\Local\Programs\Python\Python39\lib\site-packages\django\db\backends\utils.py", line 75, in _execute_with_wrappers
    return executor(sql, params, many, context)
  File "C:\Users\saketh\AppData\Local\Programs\Python\Python39\lib\site-packages\django\db\backends\utils.py", line 84, in _execute
    return self.cursor.execute(sql, params)
  File "C:\Users\saketh\AppData\Local\Programs\Python\Python39\lib\site-packages\django\db\utils.py", line 90, in __exit__
    raise dj_exc_value.with_traceback(traceback) from exc_value
  File "C:\Users\saketh\AppData\Local\Programs\Python\Python39\lib\site-packages\django\db\backends\utils.py", line 84, in _execute
    return self.cursor.execute(sql, params)
  File "C:\Users\saketh\AppData\Local\Programs\Python\Python39\lib\site-packages\django\db\backends\mysql\base.py", line 73, in execute
    return self.cursor.execute(query, args)
  File "C:\Users\saketh\AppData\Local\Programs\Python\Python39\lib\site-packages\MySQLdb\cursors.py", line 206, in execute
    res = self._query(query)
  File "C:\Users\saketh\AppData\Local\Programs\Python\Python39\lib\site-packages\MySQLdb\cursors.py", line 319, in _query
    db.query(q)
  File "C:\Users\saketh\AppData\Local\Programs\Python\Python39\lib\site-packages\MySQLdb\connections.py", line 254, in query
    _mysql.connection.query(self, query)
django.db.utils.OperationalError: (1054, "Unknown column 'accounts_profile.utility_name' in 'field list'")
[2022-07-26T16:18:50] INFO [django.utils.autoreload.trigger_reload:251] C:\Users\saketh\Documents\billapp\apps\migrations\0001_initial.py changed, reloading.
[2022-07-26T16:57:08] INFO [root.showapps:41] admin_seen the whole applist
[2022-07-26T16:57:22] INFO [root.addapp:30] admin_added an app
[2022-07-26T16:57:22] INFO [root.showapps:41] admin_seen the whole applist
[2022-07-26T16:57:38] INFO [root.addapp:30] admin_added an app
[2022-07-26T16:57:38] INFO [root.showapps:41] admin_seen the whole applist
[2022-07-26T16:58:02] INFO [root.addapp:30] admin_added an app
[2022-07-26T16:58:02] INFO [root.showapps:41] admin_seen the whole applist
[2022-07-26T16:58:13] WARNING [django.request.log_response:224] Not Found: /apps/instagram/dashboard/assets/css/styles.css
[2022-07-26T16:58:13] WARNING [django.request.log_response:224] Not Found: /apps/instagram/dashboard/assets/img/illustrations/rocket-white.png
[2022-07-26T16:58:13] WARNING [django.request.log_response:224] Not Found: /apps/instagram/dashboard/assets/img/small-logos/logo-xd.svg
[2022-07-26T16:58:13] WARNING [django.request.log_response:224] Not Found: /apps/instagram/dashboard/assets/img/team-1.jpg
[2022-07-26T16:58:13] WARNING [django.request.log_response:224] Not Found: /apps/instagram/dashboard/assets/img/team-2.jpg
[2022-07-26T16:58:13] WARNING [django.request.log_response:224] Not Found: /apps/instagram/dashboard/assets/css/styles.css
[2022-07-26T16:58:13] WARNING [django.request.log_response:224] Not Found: /apps/instagram/dashboard/assets/img/team-3.jpg
[2022-07-26T16:58:13] WARNING [django.request.log_response:224] Not Found: /apps/instagram/dashboard/assets/img/team-4.jpg
[2022-07-26T16:58:13] WARNING [django.request.log_response:224] Not Found: /apps/instagram/dashboard/assets/img/small-logos/logo-atlassian.svg
[2022-07-26T16:58:13] WARNING [django.request.log_response:224] Not Found: /apps/instagram/dashboard/assets/img/small-logos/logo-slack.svg
[2022-07-26T16:58:13] WARNING [django.request.log_response:224] Not Found: /apps/instagram/dashboard/assets/img/small-logos/logo-invision.svg
[2022-07-26T16:58:13] WARNING [django.request.log_response:224] Not Found: /apps/instagram/dashboard/assets/img/small-logos/logo-jira.svg
[2022-07-26T16:58:13] WARNING [django.request.log_response:224] Not Found: /apps/instagram/dashboard/assets/img/small-logos/logo-spotify.svg
[2022-07-26T16:58:13] WARNING [django.request.log_response:224] Not Found: /apps/instagram/dashboard/assets/js/plugins/chartjs.min.js
[2022-07-26T16:58:13] WARNING [django.request.log_response:224] Not Found: /apps/instagram/dashboard/assets/js/plugins/perfect-scrollbar.min.js
[2022-07-26T16:58:13] WARNING [django.request.log_response:224] Not Found: /apps/instagram/dashboard/assets/img/ivancik.jpg
[2022-07-26T16:58:14] WARNING [django.request.log_response:224] Not Found: /apps/instagram/dashboard/assets/img/team-1.jpg
[2022-07-26T16:58:14] WARNING [django.request.log_response:224] Not Found: /apps/instagram/dashboard/assets/img/team-3.jpg
[2022-07-26T16:58:14] WARNING [django.request.log_response:224] Not Found: /apps/instagram/dashboard/assets/img/team-4.jpg
[2022-07-26T16:58:14] WARNING [django.request.log_response:224] Not Found: /apps/instagram/dashboard/assets/img/team-2.jpg
[2022-07-26T16:58:19] WARNING [django.request.log_response:224] Not Found: /apps/instagram/dashboard/assets/css/styles.css
[2022-07-26T16:58:19] WARNING [django.request.log_response:224] Not Found: /apps/instagram/dashboard/assets/img/illustrations/rocket-white.png
[2022-07-26T16:58:19] WARNING [django.request.log_response:224] Not Found: /apps/instagram/dashboard/assets/img/small-logos/logo-xd.svg
[2022-07-26T16:58:19] WARNING [django.request.log_response:224] Not Found: /apps/instagram/dashboard/assets/img/team-1.jpg
[2022-07-26T16:58:19] WARNING [django.request.log_response:224] Not Found: /apps/instagram/dashboard/assets/img/team-2.jpg
[2022-07-26T16:58:19] WARNING [django.request.log_response:224] Not Found: /apps/instagram/dashboard/assets/css/styles.css
[2022-07-26T16:58:19] WARNING [django.request.log_response:224] Not Found: /apps/instagram/dashboard/assets/img/team-4.jpg
[2022-07-26T16:58:19] WARNING [django.request.log_response:224] Not Found: /apps/instagram/dashboard/assets/img/team-3.jpg
[2022-07-26T16:58:20] WARNING [django.request.log_response:224] Not Found: /apps/instagram/dashboard/assets/img/small-logos/logo-slack.svg
[2022-07-26T16:58:20] WARNING [django.request.log_response:224] Not Found: /apps/instagram/dashboard/assets/img/small-logos/logo-atlassian.svg
[2022-07-26T16:58:20] WARNING [django.request.log_response:224] Not Found: /apps/instagram/dashboard/assets/img/small-logos/logo-spotify.svg
[2022-07-26T16:58:20] WARNING [django.request.log_response:224] Not Found: /apps/instagram/dashboard/assets/img/small-logos/logo-jira.svg
[2022-07-26T16:58:20] WARNING [django.request.log_response:224] Not Found: /apps/instagram/dashboard/assets/js/plugins/chartjs.min.js
[2022-07-26T16:58:20] WARNING [django.request.log_response:224] Not Found: /apps/instagram/dashboard/assets/img/small-logos/logo-invision.svg
[2022-07-26T16:58:20] WARNING [django.request.log_response:224] Not Found: /apps/instagram/dashboard/assets/js/plugins/perfect-scrollbar.min.js
[2022-07-26T16:58:20] WARNING [django.request.log_response:224] Not Found: /apps/instagram/dashboard/assets/img/team-2.jpg
[2022-07-26T16:58:20] WARNING [django.request.log_response:224] Not Found: /apps/instagram/dashboard/assets/img/team-4.jpg
[2022-07-26T16:58:20] WARNING [django.request.log_response:224] Not Found: /apps/instagram/dashboard/assets/img/team-3.jpg
[2022-07-26T16:58:20] WARNING [django.request.log_response:224] Not Found: /apps/instagram/dashboard/assets/img/team-1.jpg
[2022-07-26T16:58:20] WARNING [django.request.log_response:224] Not Found: /apps/instagram/dashboard/assets/img/ivancik.jpg
[2022-07-26T16:58:38] WARNING [django.request.log_response:224] Not Found: /apps/instagram/dashboard/assets/css/styles.css
[2022-07-26T16:58:38] WARNING [django.request.log_response:224] Not Found: /apps/instagram/dashboard/assets/img/illustrations/rocket-white.png
[2022-07-26T16:58:38] WARNING [django.request.log_response:224] Not Found: /apps/instagram/dashboard/assets/img/small-logos/logo-xd.svg
[2022-07-26T16:58:38] WARNING [django.request.log_response:224] Not Found: /apps/instagram/dashboard/assets/img/team-1.jpg
[2022-07-26T16:58:38] WARNING [django.request.log_response:224] Not Found: /apps/instagram/dashboard/assets/img/team-2.jpg
[2022-07-26T16:58:38] WARNING [django.request.log_response:224] Not Found: /apps/instagram/dashboard/assets/img/team-3.jpg
[2022-07-26T16:58:38] WARNING [django.request.log_response:224] Not Found: /apps/instagram/dashboard/assets/img/team-4.jpg
[2022-07-26T16:58:38] WARNING [django.request.log_response:224] Not Found: /apps/instagram/dashboard/assets/img/small-logos/logo-atlassian.svg
[2022-07-26T16:58:38] WARNING [django.request.log_response:224] Not Found: /apps/instagram/dashboard/assets/css/styles.css
[2022-07-26T16:58:38] WARNING [django.request.log_response:224] Not Found: /apps/instagram/dashboard/assets/img/small-logos/logo-spotify.svg
[2022-07-26T16:58:38] WARNING [django.request.log_response:224] Not Found: /apps/instagram/dashboard/assets/img/small-logos/logo-slack.svg
[2022-07-26T16:58:38] WARNING [django.request.log_response:224] Not Found: /apps/instagram/dashboard/assets/img/small-logos/logo-jira.svg
[2022-07-26T16:58:38] WARNING [django.request.log_response:224] Not Found: /apps/instagram/dashboard/assets/js/plugins/perfect-scrollbar.min.js
[2022-07-26T16:58:38] WARNING [django.request.log_response:224] Not Found: /apps/instagram/dashboard/assets/img/small-logos/logo-invision.svg
[2022-07-26T16:58:39] WARNING [django.request.log_response:224] Not Found: /apps/instagram/dashboard/assets/js/plugins/chartjs.min.js
[2022-07-26T16:58:39] WARNING [django.request.log_response:224] Not Found: /apps/instagram/dashboard/assets/img/team-3.jpg
[2022-07-26T16:58:39] WARNING [django.request.log_response:224] Not Found: /apps/instagram/dashboard/assets/img/team-4.jpg
[2022-07-26T16:58:39] WARNING [django.request.log_response:224] Not Found: /apps/instagram/dashboard/assets/img/team-2.jpg
[2022-07-26T16:58:39] WARNING [django.request.log_response:224] Not Found: /apps/instagram/dashboard/assets/img/team-1.jpg
[2022-07-26T16:58:39] WARNING [django.request.log_response:224] Not Found: /apps/instagram/dashboard/assets/img/ivancik.jpg
[2022-07-26T16:58:40] WARNING [django.request.log_response:224] Not Found: /apps/instagram/dashboard/assets/css/styles.css
[2022-07-26T16:58:40] WARNING [django.request.log_response:224] Not Found: /apps/instagram/dashboard/assets/img/illustrations/rocket-white.png
[2022-07-26T16:58:40] WARNING [django.request.log_response:224] Not Found: /apps/instagram/dashboard/assets/img/small-logos/logo-xd.svg
[2022-07-26T16:58:40] WARNING [django.request.log_response:224] Not Found: /apps/instagram/dashboard/assets/img/team-1.jpg
[2022-07-26T16:58:40] WARNING [django.request.log_response:224] Not Found: /apps/instagram/dashboard/assets/img/team-2.jpg
[2022-07-26T16:58:40] WARNING [django.request.log_response:224] Not Found: /apps/instagram/dashboard/assets/css/styles.css
[2022-07-26T16:58:40] WARNING [django.request.log_response:224] Not Found: /apps/instagram/dashboard/assets/img/team-3.jpg
[2022-07-26T16:58:40] WARNING [django.request.log_response:224] Not Found: /apps/instagram/dashboard/assets/img/team-4.jpg
[2022-07-26T16:58:40] WARNING [django.request.log_response:224] Not Found: /apps/instagram/dashboard/assets/img/small-logos/logo-spotify.svg
[2022-07-26T16:58:40] WARNING [django.request.log_response:224] Not Found: /apps/instagram/dashboard/assets/img/small-logos/logo-slack.svg
[2022-07-26T16:58:40] WARNING [django.request.log_response:224] Not Found: /apps/instagram/dashboard/assets/img/small-logos/logo-atlassian.svg
[2022-07-26T16:58:40] WARNING [django.request.log_response:224] Not Found: /apps/instagram/dashboard/assets/img/small-logos/logo-jira.svg
[2022-07-26T16:58:40] WARNING [django.request.log_response:224] Not Found: /apps/instagram/dashboard/assets/img/small-logos/logo-invision.svg
[2022-07-26T16:58:40] WARNING [django.request.log_response:224] Not Found: /apps/instagram/dashboard/assets/js/plugins/chartjs.min.js
[2022-07-26T16:58:40] WARNING [django.request.log_response:224] Not Found: /apps/instagram/dashboard/assets/js/plugins/perfect-scrollbar.min.js
[2022-07-26T16:58:40] WARNING [django.request.log_response:224] Not Found: /apps/instagram/dashboard/assets/img/ivancik.jpg
[2022-07-26T16:58:40] WARNING [django.request.log_response:224] Not Found: /apps/instagram/dashboard/assets/img/team-2.jpg
[2022-07-26T16:58:40] WARNING [django.request.log_response:224] Not Found: /apps/instagram/dashboard/assets/img/team-4.jpg
[2022-07-26T16:58:40] WARNING [django.request.log_response:224] Not Found: /apps/instagram/dashboard/assets/img/team-3.jpg
[2022-07-26T16:58:40] WARNING [django.request.log_response:224] Not Found: /apps/instagram/dashboard/assets/img/team-1.jpg
[2022-07-26T16:58:40] WARNING [django.request.log_response:224] Not Found: /apps/instagram/dashboard/assets/css/styles.css
[2022-07-26T16:58:40] WARNING [django.request.log_response:224] Not Found: /apps/instagram/dashboard/assets/img/illustrations/rocket-white.png
[2022-07-26T16:58:40] WARNING [django.request.log_response:224] Not Found: /apps/instagram/dashboard/assets/img/small-logos/logo-xd.svg
[2022-07-26T16:58:40] WARNING [django.request.log_response:224] Not Found: /apps/instagram/dashboard/assets/img/team-1.jpg
[2022-07-26T16:58:40] WARNING [django.request.log_response:224] Not Found: /apps/instagram/dashboard/assets/img/team-2.jpg
[2022-07-26T16:58:40] WARNING [django.request.log_response:224] Not Found: /apps/instagram/dashboard/assets/css/styles.css
[2022-07-26T16:58:40] WARNING [django.request.log_response:224] Not Found: /apps/instagram/dashboard/assets/img/team-3.jpg
[2022-07-26T16:58:40] WARNING [django.request.log_response:224] Not Found: /apps/instagram/dashboard/assets/img/team-4.jpg
[2022-07-26T16:58:40] WARNING [django.request.log_response:224] Not Found: /apps/instagram/dashboard/assets/img/small-logos/logo-slack.svg
[2022-07-26T16:58:40] WARNING [django.request.log_response:224] Not Found: /apps/instagram/dashboard/assets/img/small-logos/logo-atlassian.svg
[2022-07-26T16:58:40] WARNING [django.request.log_response:224] Not Found: /apps/instagram/dashboard/assets/img/small-logos/logo-spotify.svg
[2022-07-26T16:58:40] WARNING [django.request.log_response:224] Not Found: /apps/instagram/dashboard/assets/img/small-logos/logo-jira.svg
[2022-07-26T16:58:40] WARNING [django.request.log_response:224] Not Found: /apps/instagram/dashboard/assets/js/plugins/chartjs.min.js
[2022-07-26T16:58:40] WARNING [django.request.log_response:224] Not Found: /apps/instagram/dashboard/assets/img/small-logos/logo-invision.svg
[2022-07-26T16:58:40] WARNING [django.request.log_response:224] Not Found: /apps/instagram/dashboard/assets/img/team-2.jpg
[2022-07-26T16:58:40] WARNING [django.request.log_response:224] Not Found: /apps/instagram/dashboard/assets/js/plugins/perfect-scrollbar.min.js
[2022-07-26T16:58:40] WARNING [django.request.log_response:224] Not Found: /apps/instagram/dashboard/assets/img/ivancik.jpg
[2022-07-26T16:58:40] WARNING [django.request.log_response:224] Not Found: /apps/instagram/dashboard/assets/img/team-4.jpg
[2022-07-26T16:58:40] WARNING [django.request.log_response:224] Not Found: /apps/instagram/dashboard/assets/img/team-3.jpg
[2022-07-26T16:58:40] WARNING [django.request.log_response:224] Not Found: /apps/instagram/dashboard/assets/img/team-1.jpg
[2022-07-26T16:59:17] WARNING [django.request.log_response:224] Not Found: /apps/instagram/dashboard/assets/css/styles.css
[2022-07-26T16:59:18] WARNING [django.request.log_response:224] Not Found: /apps/instagram/dashboard/assets/img/illustrations/rocket-white.png
[2022-07-26T16:59:18] WARNING [django.request.log_response:224] Not Found: /apps/instagram/dashboard/assets/img/small-logos/logo-xd.svg
[2022-07-26T16:59:18] WARNING [django.request.log_response:224] Not Found: /apps/instagram/dashboard/assets/img/team-1.jpg
[2022-07-26T16:59:18] WARNING [django.request.log_response:224] Not Found: /apps/instagram/dashboard/assets/img/team-2.jpg
[2022-07-26T16:59:18] WARNING [django.request.log_response:224] Not Found: /apps/instagram/dashboard/assets/css/styles.css
[2022-07-26T16:59:18] WARNING [django.request.log_response:224] Not Found: /apps/instagram/dashboard/assets/img/team-4.jpg
[2022-07-26T16:59:18] WARNING [django.request.log_response:224] Not Found: /apps/instagram/dashboard/assets/img/team-3.jpg
[2022-07-26T16:59:18] WARNING [django.request.log_response:224] Not Found: /apps/instagram/dashboard/assets/img/small-logos/logo-atlassian.svg
[2022-07-26T16:59:18] WARNING [django.request.log_response:224] Not Found: /apps/instagram/dashboard/assets/img/small-logos/logo-slack.svg
[2022-07-26T16:59:18] WARNING [django.request.log_response:224] Not Found: /apps/instagram/dashboard/assets/img/small-logos/logo-spotify.svg
[2022-07-26T16:59:18] WARNING [django.request.log_response:224] Not Found: /apps/instagram/dashboard/assets/img/small-logos/logo-jira.svg
[2022-07-26T16:59:18] WARNING [django.request.log_response:224] Not Found: /apps/instagram/dashboard/assets/img/small-logos/logo-invision.svg
[2022-07-26T16:59:18] WARNING [django.request.log_response:224] Not Found: /apps/instagram/dashboard/assets/js/plugins/chartjs.min.js
[2022-07-26T16:59:18] WARNING [django.request.log_response:224] Not Found: /apps/instagram/dashboard/assets/js/plugins/perfect-scrollbar.min.js
[2022-07-26T16:59:18] WARNING [django.request.log_response:224] Not Found: /apps/instagram/dashboard/assets/img/team-2.jpg
[2022-07-26T16:59:18] WARNING [django.request.log_response:224] Not Found: /apps/instagram/dashboard/assets/img/team-4.jpg
[2022-07-26T16:59:18] WARNING [django.request.log_response:224] Not Found: /apps/instagram/dashboard/assets/img/team-3.jpg
[2022-07-26T16:59:18] WARNING [django.request.log_response:224] Not Found: /apps/instagram/dashboard/assets/img/team-1.jpg
[2022-07-26T16:59:18] WARNING [django.request.log_response:224] Not Found: /apps/instagram/dashboard/assets/img/ivancik.jpg
[2022-07-26T16:59:30] WARNING [django.request.log_response:224] Not Found: /apps/telegram/dashboard/assets/css/styles.css
[2022-07-26T16:59:30] WARNING [django.request.log_response:224] Not Found: /apps/telegram/dashboard/assets/img/illustrations/rocket-white.png
[2022-07-26T16:59:30] WARNING [django.request.log_response:224] Not Found: /apps/telegram/dashboard/assets/img/small-logos/logo-xd.svg
[2022-07-26T16:59:30] WARNING [django.request.log_response:224] Not Found: /apps/telegram/dashboard/assets/img/team-1.jpg
[2022-07-26T16:59:30] WARNING [django.request.log_response:224] Not Found: /apps/telegram/dashboard/assets/img/team-2.jpg
[2022-07-26T16:59:30] WARNING [django.request.log_response:224] Not Found: /apps/telegram/dashboard/assets/img/team-3.jpg
[2022-07-26T16:59:30] WARNING [django.request.log_response:224] Not Found: /apps/telegram/dashboard/assets/img/team-4.jpg
[2022-07-26T16:59:30] WARNING [django.request.log_response:224] Not Found: /apps/telegram/dashboard/assets/img/small-logos/logo-atlassian.svg
[2022-07-26T16:59:30] WARNING [django.request.log_response:224] Not Found: /apps/telegram/dashboard/assets/css/styles.css
[2022-07-26T16:59:30] WARNING [django.request.log_response:224] Not Found: /apps/telegram/dashboard/assets/img/small-logos/logo-slack.svg
[2022-07-26T16:59:30] WARNING [django.request.log_response:224] Not Found: /apps/telegram/dashboard/assets/img/small-logos/logo-spotify.svg
[2022-07-26T16:59:30] WARNING [django.request.log_response:224] Not Found: /apps/telegram/dashboard/assets/img/small-logos/logo-jira.svg
[2022-07-26T16:59:30] WARNING [django.request.log_response:224] Not Found: /apps/telegram/dashboard/assets/js/plugins/chartjs.min.js
[2022-07-26T16:59:30] WARNING [django.request.log_response:224] Not Found: /apps/telegram/dashboard/assets/img/small-logos/logo-invision.svg
[2022-07-26T16:59:30] WARNING [django.request.log_response:224] Not Found: /apps/telegram/dashboard/assets/js/plugins/perfect-scrollbar.min.js
[2022-07-26T16:59:30] WARNING [django.request.log_response:224] Not Found: /apps/telegram/dashboard/assets/img/team-2.jpg
[2022-07-26T16:59:30] WARNING [django.request.log_response:224] Not Found: /apps/telegram/dashboard/assets/img/team-1.jpg
[2022-07-26T16:59:30] WARNING [django.request.log_response:224] Not Found: /apps/telegram/dashboard/assets/img/team-4.jpg
[2022-07-26T16:59:30] WARNING [django.request.log_response:224] Not Found: /apps/telegram/dashboard/assets/img/team-3.jpg
[2022-07-26T16:59:30] WARNING [django.request.log_response:224] Not Found: /apps/telegram/dashboard/assets/img/ivancik.jpg
[2022-07-26T16:59:34] WARNING [django.request.log_response:224] Not Found: /apps/whatsappp/dashboard/assets/css/styles.css
[2022-07-26T16:59:34] WARNING [django.request.log_response:224] Not Found: /apps/whatsappp/dashboard/assets/img/illustrations/rocket-white.png
[2022-07-26T16:59:34] WARNING [django.request.log_response:224] Not Found: /apps/whatsappp/dashboard/assets/img/small-logos/logo-xd.svg
[2022-07-26T16:59:34] WARNING [django.request.log_response:224] Not Found: /apps/whatsappp/dashboard/assets/img/team-1.jpg
[2022-07-26T16:59:34] WARNING [django.request.log_response:224] Not Found: /apps/whatsappp/dashboard/assets/img/team-2.jpg
[2022-07-26T16:59:34] WARNING [django.request.log_response:224] Not Found: /apps/whatsappp/dashboard/assets/img/team-3.jpg
[2022-07-26T16:59:34] WARNING [django.request.log_response:224] Not Found: /apps/whatsappp/dashboard/assets/img/team-4.jpg
[2022-07-26T16:59:34] WARNING [django.request.log_response:224] Not Found: /apps/whatsappp/dashboard/assets/css/styles.css
[2022-07-26T16:59:34] WARNING [django.request.log_response:224] Not Found: /apps/whatsappp/dashboard/assets/img/small-logos/logo-atlassian.svg
[2022-07-26T16:59:34] WARNING [django.request.log_response:224] Not Found: /apps/whatsappp/dashboard/assets/img/small-logos/logo-slack.svg
[2022-07-26T16:59:34] WARNING [django.request.log_response:224] Not Found: /apps/whatsappp/dashboard/assets/img/small-logos/logo-spotify.svg
[2022-07-26T16:59:34] WARNING [django.request.log_response:224] Not Found: /apps/whatsappp/dashboard/assets/img/small-logos/logo-invision.svg
[2022-07-26T16:59:34] WARNING [django.request.log_response:224] Not Found: /apps/whatsappp/dashboard/assets/js/plugins/chartjs.min.js
[2022-07-26T16:59:34] WARNING [django.request.log_response:224] Not Found: /apps/whatsappp/dashboard/assets/img/small-logos/logo-jira.svg
[2022-07-26T16:59:34] WARNING [django.request.log_response:224] Not Found: /apps/whatsappp/dashboard/assets/js/plugins/perfect-scrollbar.min.js
[2022-07-26T16:59:34] WARNING [django.request.log_response:224] Not Found: /apps/whatsappp/dashboard/assets/img/team-2.jpg
[2022-07-26T16:59:34] WARNING [django.request.log_response:224] Not Found: /apps/whatsappp/dashboard/assets/img/ivancik.jpg
[2022-07-26T16:59:34] WARNING [django.request.log_response:224] Not Found: /apps/whatsappp/dashboard/assets/img/team-4.jpg
[2022-07-26T16:59:34] WARNING [django.request.log_response:224] Not Found: /apps/whatsappp/dashboard/assets/img/team-1.jpg
[2022-07-26T16:59:34] WARNING [django.request.log_response:224] Not Found: /apps/whatsappp/dashboard/assets/img/team-3.jpg
[2022-07-26T17:00:04] WARNING [django.request.log_response:224] Not Found: /apps/instagram/dashboard/assets/css/styles.css
[2022-07-26T17:00:04] WARNING [django.request.log_response:224] Not Found: /apps/instagram/dashboard/assets/img/illustrations/rocket-white.png
[2022-07-26T17:00:04] WARNING [django.request.log_response:224] Not Found: /apps/instagram/dashboard/assets/img/small-logos/logo-xd.svg
[2022-07-26T17:00:04] WARNING [django.request.log_response:224] Not Found: /apps/instagram/dashboard/assets/img/team-1.jpg
[2022-07-26T17:00:04] WARNING [django.request.log_response:224] Not Found: /apps/instagram/dashboard/assets/img/team-2.jpg
[2022-07-26T17:00:04] WARNING [django.request.log_response:224] Not Found: /apps/instagram/dashboard/assets/img/team-3.jpg
[2022-07-26T17:00:04] WARNING [django.request.log_response:224] Not Found: /apps/instagram/dashboard/assets/img/team-4.jpg
[2022-07-26T17:00:04] WARNING [django.request.log_response:224] Not Found: /apps/instagram/dashboard/assets/css/styles.css
[2022-07-26T17:00:04] WARNING [django.request.log_response:224] Not Found: /apps/instagram/dashboard/assets/img/small-logos/logo-atlassian.svg
[2022-07-26T17:00:04] WARNING [django.request.log_response:224] Not Found: /apps/instagram/dashboard/assets/img/small-logos/logo-slack.svg
[2022-07-26T17:00:04] WARNING [django.request.log_response:224] Not Found: /apps/instagram/dashboard/assets/img/small-logos/logo-invision.svg
[2022-07-26T17:00:04] WARNING [django.request.log_response:224] Not Found: /apps/instagram/dashboard/assets/img/small-logos/logo-jira.svg
[2022-07-26T17:00:04] WARNING [django.request.log_response:224] Not Found: /apps/instagram/dashboard/assets/img/small-logos/logo-spotify.svg
[2022-07-26T17:00:04] WARNING [django.request.log_response:224] Not Found: /apps/instagram/dashboard/assets/js/plugins/perfect-scrollbar.min.js
[2022-07-26T17:00:04] WARNING [django.request.log_response:224] Not Found: /apps/instagram/dashboard/assets/js/plugins/chartjs.min.js
[2022-07-26T17:00:04] WARNING [django.request.log_response:224] Not Found: /apps/instagram/dashboard/assets/img/team-2.jpg
[2022-07-26T17:00:04] WARNING [django.request.log_response:224] Not Found: /apps/instagram/dashboard/assets/img/team-4.jpg
[2022-07-26T17:00:04] WARNING [django.request.log_response:224] Not Found: /apps/instagram/dashboard/assets/img/team-3.jpg
[2022-07-26T17:00:04] WARNING [django.request.log_response:224] Not Found: /apps/instagram/dashboard/assets/img/team-1.jpg
[2022-07-26T17:00:04] WARNING [django.request.log_response:224] Not Found: /apps/instagram/dashboard/assets/img/ivancik.jpg
[2022-07-26T17:00:06] WARNING [django.request.log_response:224] Not Found: /apps/instagram/dashboard/create.html
[2022-07-26T17:00:55] WARNING [django.request.log_response:224] Not Found: /apps/telegram/dashboard/assets/css/styles.css
[2022-07-26T17:00:55] WARNING [django.request.log_response:224] Not Found: /apps/telegram/dashboard/assets/img/illustrations/rocket-white.png
[2022-07-26T17:00:56] WARNING [django.request.log_response:224] Not Found: /apps/telegram/dashboard/assets/img/small-logos/logo-xd.svg
[2022-07-26T17:00:56] WARNING [django.request.log_response:224] Not Found: /apps/telegram/dashboard/assets/img/team-1.jpg
[2022-07-26T17:00:56] WARNING [django.request.log_response:224] Not Found: /apps/telegram/dashboard/assets/img/team-2.jpg
[2022-07-26T17:00:56] WARNING [django.request.log_response:224] Not Found: /apps/telegram/dashboard/assets/img/team-3.jpg
[2022-07-26T17:00:56] WARNING [django.request.log_response:224] Not Found: /apps/telegram/dashboard/assets/img/team-4.jpg
[2022-07-26T17:00:56] WARNING [django.request.log_response:224] Not Found: /apps/telegram/dashboard/assets/img/small-logos/logo-atlassian.svg
[2022-07-26T17:00:56] WARNING [django.request.log_response:224] Not Found: /apps/telegram/dashboard/assets/css/styles.css
[2022-07-26T17:00:56] WARNING [django.request.log_response:224] Not Found: /apps/telegram/dashboard/assets/img/small-logos/logo-slack.svg
[2022-07-26T17:00:56] WARNING [django.request.log_response:224] Not Found: /apps/telegram/dashboard/assets/img/small-logos/logo-spotify.svg
[2022-07-26T17:00:56] WARNING [django.request.log_response:224] Not Found: /apps/telegram/dashboard/assets/js/plugins/chartjs.min.js
[2022-07-26T17:00:56] WARNING [django.request.log_response:224] Not Found: /apps/telegram/dashboard/assets/img/small-logos/logo-invision.svg
[2022-07-26T17:00:56] WARNING [django.request.log_response:224] Not Found: /apps/telegram/dashboard/assets/js/plugins/perfect-scrollbar.min.js
[2022-07-26T17:00:56] WARNING [django.request.log_response:224] Not Found: /apps/telegram/dashboard/assets/img/small-logos/logo-jira.svg
[2022-07-26T17:00:56] WARNING [django.request.log_response:224] Not Found: /apps/telegram/dashboard/assets/img/team-4.jpg
[2022-07-26T17:00:56] WARNING [django.request.log_response:224] Not Found: /apps/telegram/dashboard/assets/img/team-2.jpg
[2022-07-26T17:00:56] WARNING [django.request.log_response:224] Not Found: /apps/telegram/dashboard/assets/img/team-3.jpg
[2022-07-26T17:00:56] WARNING [django.request.log_response:224] Not Found: /apps/telegram/dashboard/assets/img/team-1.jpg
[2022-07-26T17:00:56] WARNING [django.request.log_response:224] Not Found: /apps/telegram/dashboard/assets/img/ivancik.jpg
[2022-07-26T17:04:57] INFO [django.utils.autoreload.trigger_reload:251] C:\Users\saketh\Documents\billapp\accounts\models.py changed, reloading.
[2022-07-26T17:05:18] INFO [django.utils.autoreload.trigger_reload:251] C:\Users\saketh\Documents\billapp\accounts\models.py changed, reloading.
[2022-07-26T17:05:42] INFO [django.utils.autoreload.trigger_reload:251] C:\Users\saketh\Documents\billapp\accounts\models.py changed, reloading.
[2022-07-26T17:05:45] INFO [django.utils.autoreload.trigger_reload:251] C:\Users\saketh\Documents\billapp\accounts\models.py changed, reloading.
[2022-07-26T17:09:32] INFO [django.utils.autoreload.trigger_reload:251] C:\Users\saketh\Documents\billapp\dashboard\views.py changed, reloading.
[2022-07-26T17:09:39] INFO [django.utils.autoreload.trigger_reload:251] C:\Users\saketh\Documents\billapp\dashboard\views.py changed, reloading.
[2022-07-26T17:09:56] INFO [django.utils.autoreload.trigger_reload:251] C:\Users\saketh\Documents\billapp\dashboard\views.py changed, reloading.
[2022-07-26T17:10:00] INFO [django.utils.autoreload.trigger_reload:251] C:\Users\saketh\Documents\billapp\dashboard\views.py changed, reloading.
[2022-07-26T17:10:03] INFO [django.utils.autoreload.trigger_reload:251] C:\Users\saketh\Documents\billapp\dashboard\views.py changed, reloading.
[2022-07-26T17:10:19] INFO [django.utils.autoreload.trigger_reload:251] C:\Users\saketh\Documents\billapp\dashboard\views.py changed, reloading.
[2022-07-26T17:10:22] INFO [django.utils.autoreload.trigger_reload:251] C:\Users\saketh\Documents\billapp\dashboard\views.py changed, reloading.
[2022-07-26T17:10:26] INFO [django.utils.autoreload.trigger_reload:251] C:\Users\saketh\Documents\billapp\dashboard\views.py changed, reloading.
[2022-07-26T17:10:32] INFO [django.utils.autoreload.trigger_reload:251] C:\Users\saketh\Documents\billapp\dashboard\views.py changed, reloading.
[2022-07-26T17:10:41] INFO [django.utils.autoreload.trigger_reload:251] C:\Users\saketh\Documents\billapp\dashboard\views.py changed, reloading.
[2022-07-26T17:10:45] INFO [django.utils.autoreload.trigger_reload:251] C:\Users\saketh\Documents\billapp\dashboard\views.py changed, reloading.
[2022-07-26T17:10:48] INFO [django.utils.autoreload.trigger_reload:251] C:\Users\saketh\Documents\billapp\dashboard\views.py changed, reloading.
[2022-07-26T17:11:23] INFO [django.utils.autoreload.trigger_reload:251] C:\Users\saketh\Documents\billapp\dashboard\views.py changed, reloading.
[2022-07-26T17:11:28] INFO [django.utils.autoreload.trigger_reload:251] C:\Users\saketh\Documents\billapp\dashboard\views.py changed, reloading.
[2022-07-26T17:11:34] INFO [django.utils.autoreload.trigger_reload:251] C:\Users\saketh\Documents\billapp\dashboard\views.py changed, reloading.
[2022-07-26T17:11:37] INFO [django.utils.autoreload.trigger_reload:251] C:\Users\saketh\Documents\billapp\dashboard\views.py changed, reloading.
[2022-07-26T17:11:40] INFO [django.utils.autoreload.trigger_reload:251] C:\Users\saketh\Documents\billapp\dashboard\views.py changed, reloading.
[2022-07-26T17:11:43] INFO [django.utils.autoreload.trigger_reload:251] C:\Users\saketh\Documents\billapp\dashboard\views.py changed, reloading.
[2022-07-26T17:11:53] INFO [django.utils.autoreload.trigger_reload:251] C:\Users\saketh\Documents\billapp\dashboard\views.py changed, reloading.
[2022-07-26T17:12:00] INFO [django.utils.autoreload.trigger_reload:251] C:\Users\saketh\Documents\billapp\dashboard\views.py changed, reloading.
[2022-07-26T17:12:04] INFO [django.utils.autoreload.trigger_reload:251] C:\Users\saketh\Documents\billapp\dashboard\views.py changed, reloading.
[2022-07-26T17:12:09] INFO [django.utils.autoreload.trigger_reload:251] C:\Users\saketh\Documents\billapp\dashboard\views.py changed, reloading.
[2022-07-26T17:12:18] INFO [django.utils.autoreload.trigger_reload:251] C:\Users\saketh\Documents\billapp\dashboard\views.py changed, reloading.
[2022-07-26T17:12:21] INFO [django.utils.autoreload.trigger_reload:251] C:\Users\saketh\Documents\billapp\dashboard\views.py changed, reloading.
[2022-07-26T17:12:49] INFO [django.utils.autoreload.trigger_reload:251] C:\Users\saketh\Documents\billapp\dashboard\views.py changed, reloading.
[2022-07-26T17:12:52] INFO [django.utils.autoreload.trigger_reload:251] C:\Users\saketh\Documents\billapp\dashboard\views.py changed, reloading.
[2022-07-26T17:13:05] INFO [django.utils.autoreload.trigger_reload:251] C:\Users\saketh\Documents\billapp\dashboard\views.py changed, reloading.
[2022-07-26T17:13:09] INFO [django.utils.autoreload.trigger_reload:251] C:\Users\saketh\Documents\billapp\dashboard\views.py changed, reloading.
[2022-07-26T17:13:15] INFO [django.utils.autoreload.trigger_reload:251] C:\Users\saketh\Documents\billapp\dashboard\views.py changed, reloading.
[2022-07-26T17:13:23] INFO [django.utils.autoreload.trigger_reload:251] C:\Users\saketh\Documents\billapp\dashboard\views.py changed, reloading.
[2022-07-26T17:14:04] INFO [django.utils.autoreload.trigger_reload:251] C:\Users\saketh\Documents\billapp\dashboard\views.py changed, reloading.
[2022-07-26T17:14:37] INFO [django.utils.autoreload.trigger_reload:251] C:\Users\saketh\Documents\billapp\dashboard\urls.py changed, reloading.
[2022-07-26T17:14:40] INFO [django.utils.autoreload.trigger_reload:251] C:\Users\saketh\Documents\billapp\dashboard\urls.py changed, reloading.
[2022-07-26T17:14:48] INFO [django.utils.autoreload.trigger_reload:251] C:\Users\saketh\Documents\billapp\dashboard\urls.py changed, reloading.
[2022-07-26T17:14:52] INFO [django.utils.autoreload.trigger_reload:251] C:\Users\saketh\Documents\billapp\dashboard\urls.py changed, reloading.
[2022-07-26T17:15:04] INFO [django.utils.autoreload.trigger_reload:251] C:\Users\saketh\Documents\billapp\dashboard\urls.py changed, reloading.
[2022-07-26T17:15:12] INFO [django.utils.autoreload.trigger_reload:251] C:\Users\saketh\Documents\billapp\dashboard\urls.py changed, reloading.
[2022-07-26T17:15:20] INFO [django.utils.autoreload.trigger_reload:251] C:\Users\saketh\Documents\billapp\dashboard\urls.py changed, reloading.
[2022-07-26T17:15:32] INFO [root.showapps:41] admin_seen the whole applist
[2022-07-26T17:15:34] WARNING [django.request.log_response:224] Not Found: /apps/instagram/dashboard/assets/css/styles.css
[2022-07-26T17:15:35] WARNING [django.request.log_response:224] Not Found: /apps/instagram/dashboard/assets/img/illustrations/rocket-white.png
[2022-07-26T17:15:35] WARNING [django.request.log_response:224] Not Found: /apps/instagram/dashboard/assets/img/small-logos/logo-xd.svg
[2022-07-26T17:15:35] WARNING [django.request.log_response:224] Not Found: /apps/instagram/dashboard/assets/img/team-1.jpg
[2022-07-26T17:15:35] WARNING [django.request.log_response:224] Not Found: /apps/instagram/dashboard/assets/img/team-2.jpg
[2022-07-26T17:15:35] WARNING [django.request.log_response:224] Not Found: /apps/instagram/dashboard/assets/css/styles.css
[2022-07-26T17:15:35] WARNING [django.request.log_response:224] Not Found: /apps/instagram/dashboard/assets/img/team-4.jpg
[2022-07-26T17:15:35] WARNING [django.request.log_response:224] Not Found: /apps/instagram/dashboard/assets/img/team-3.jpg
[2022-07-26T17:15:35] WARNING [django.request.log_response:224] Not Found: /apps/instagram/dashboard/assets/img/small-logos/logo-slack.svg
[2022-07-26T17:15:35] WARNING [django.request.log_response:224] Not Found: /apps/instagram/dashboard/assets/img/small-logos/logo-atlassian.svg
[2022-07-26T17:15:35] WARNING [django.request.log_response:224] Not Found: /apps/instagram/dashboard/assets/img/small-logos/logo-spotify.svg
[2022-07-26T17:15:35] WARNING [django.request.log_response:224] Not Found: /apps/instagram/dashboard/assets/img/small-logos/logo-jira.svg
[2022-07-26T17:15:35] WARNING [django.request.log_response:224] Not Found: /apps/instagram/dashboard/assets/img/small-logos/logo-invision.svg
[2022-07-26T17:15:35] WARNING [django.request.log_response:224] Not Found: /apps/instagram/dashboard/assets/js/plugins/chartjs.min.js
[2022-07-26T17:15:35] WARNING [django.request.log_response:224] Not Found: /apps/instagram/dashboard/assets/js/plugins/perfect-scrollbar.min.js
[2022-07-26T17:15:35] WARNING [django.request.log_response:224] Not Found: /apps/instagram/dashboard/assets/img/ivancik.jpg
[2022-07-26T17:15:35] WARNING [django.request.log_response:224] Not Found: /apps/instagram/dashboard/assets/img/team-2.jpg
[2022-07-26T17:15:35] WARNING [django.request.log_response:224] Not Found: /apps/instagram/dashboard/assets/img/team-4.jpg
[2022-07-26T17:15:35] WARNING [django.request.log_response:224] Not Found: /apps/instagram/dashboard/assets/img/team-3.jpg
[2022-07-26T17:15:35] WARNING [django.request.log_response:224] Not Found: /apps/instagram/dashboard/assets/img/team-1.jpg
[2022-07-26T17:15:45] WARNING [django.request.log_response:224] Not Found: /apps/instagram/addcustomer
[2022-07-26T17:16:06] INFO [django.utils.autoreload.trigger_reload:251] C:\Users\saketh\Documents\billapp\dashboard\urls.py changed, reloading.
[2022-07-26T17:16:13] INFO [django.utils.autoreload.trigger_reload:251] C:\Users\saketh\Documents\billapp\dashboard\urls.py changed, reloading.
[2022-07-26T17:17:57] ERROR [django.request.log_response:224] Internal Server Error: /apps/instagram/dashboard/
Traceback (most recent call last):
  File "C:\Users\saketh\AppData\Local\Programs\Python\Python39\lib\site-packages\django\core\handlers\exception.py", line 47, in inner
    response = get_response(request)
  File "C:\Users\saketh\AppData\Local\Programs\Python\Python39\lib\site-packages\django\core\handlers\base.py", line 181, in _get_response
    response = wrapped_callback(request, *callback_args, **callback_kwargs)
  File "C:\Users\saketh\AppData\Local\Programs\Python\Python39\lib\site-packages\django\contrib\auth\decorators.py", line 21, in _wrapped_view
    return view_func(request, *args, **kwargs)
  File "C:\Users\saketh\Documents\billapp\dashboard\views.py", line 203, in dashboard
    return render(request, 'dashboard.html', {'slug' : slug})
  File "C:\Users\saketh\AppData\Local\Programs\Python\Python39\lib\site-packages\django\shortcuts.py", line 19, in render
    content = loader.render_to_string(template_name, context, request, using=using)
  File "C:\Users\saketh\AppData\Local\Programs\Python\Python39\lib\site-packages\django\template\loader.py", line 62, in render_to_string
    return template.render(context, request)
  File "C:\Users\saketh\AppData\Local\Programs\Python\Python39\lib\site-packages\django\template\backends\django.py", line 61, in render
    return self.template.render(context)
  File "C:\Users\saketh\AppData\Local\Programs\Python\Python39\lib\site-packages\django\template\base.py", line 170, in render
    return self._render(context)
  File "C:\Users\saketh\AppData\Local\Programs\Python\Python39\lib\site-packages\django\template\base.py", line 162, in _render
    return self.nodelist.render(context)
  File "C:\Users\saketh\AppData\Local\Programs\Python\Python39\lib\site-packages\django\template\base.py", line 938, in render
    bit = node.render_annotated(context)
  File "C:\Users\saketh\AppData\Local\Programs\Python\Python39\lib\site-packages\django\template\base.py", line 905, in render_annotated
    return self.render(context)
  File "C:\Users\saketh\AppData\Local\Programs\Python\Python39\lib\site-packages\django\template\defaulttags.py", line 449, in render
    url = reverse(view_name, args=args, kwargs=kwargs, current_app=current_app)
  File "C:\Users\saketh\AppData\Local\Programs\Python\Python39\lib\site-packages\django\urls\base.py", line 86, in reverse
    return resolver._reverse_with_prefix(view, prefix, *args, **kwargs)
  File "C:\Users\saketh\AppData\Local\Programs\Python\Python39\lib\site-packages\django\urls\resolvers.py", line 698, in _reverse_with_prefix
    raise NoReverseMatch(msg)
django.urls.exceptions.NoReverseMatch: Reverse for 'addingcustomer' not found. 'addingcustomer' is not a valid view function or pattern name.
[2022-07-26T17:19:11] ERROR [django.request.log_response:224] Internal Server Error: /apps/instagram/dashboard/
Traceback (most recent call last):
  File "C:\Users\saketh\AppData\Local\Programs\Python\Python39\lib\site-packages\django\core\handlers\exception.py", line 47, in inner
    response = get_response(request)
  File "C:\Users\saketh\AppData\Local\Programs\Python\Python39\lib\site-packages\django\core\handlers\base.py", line 181, in _get_response
    response = wrapped_callback(request, *callback_args, **callback_kwargs)
  File "C:\Users\saketh\AppData\Local\Programs\Python\Python39\lib\site-packages\django\contrib\auth\decorators.py", line 21, in _wrapped_view
    return view_func(request, *args, **kwargs)
  File "C:\Users\saketh\Documents\billapp\dashboard\views.py", line 203, in dashboard
    return render(request, 'dashboard.html', {'slug' : slug})
  File "C:\Users\saketh\AppData\Local\Programs\Python\Python39\lib\site-packages\django\shortcuts.py", line 19, in render
    content = loader.render_to_string(template_name, context, request, using=using)
  File "C:\Users\saketh\AppData\Local\Programs\Python\Python39\lib\site-packages\django\template\loader.py", line 62, in render_to_string
    return template.render(context, request)
  File "C:\Users\saketh\AppData\Local\Programs\Python\Python39\lib\site-packages\django\template\backends\django.py", line 61, in render
    return self.template.render(context)
  File "C:\Users\saketh\AppData\Local\Programs\Python\Python39\lib\site-packages\django\template\base.py", line 170, in render
    return self._render(context)
  File "C:\Users\saketh\AppData\Local\Programs\Python\Python39\lib\site-packages\django\template\base.py", line 162, in _render
    return self.nodelist.render(context)
  File "C:\Users\saketh\AppData\Local\Programs\Python\Python39\lib\site-packages\django\template\base.py", line 938, in render
    bit = node.render_annotated(context)
  File "C:\Users\saketh\AppData\Local\Programs\Python\Python39\lib\site-packages\django\template\base.py", line 905, in render_annotated
    return self.render(context)
  File "C:\Users\saketh\AppData\Local\Programs\Python\Python39\lib\site-packages\django\template\defaulttags.py", line 449, in render
    url = reverse(view_name, args=args, kwargs=kwargs, current_app=current_app)
  File "C:\Users\saketh\AppData\Local\Programs\Python\Python39\lib\site-packages\django\urls\base.py", line 86, in reverse
    return resolver._reverse_with_prefix(view, prefix, *args, **kwargs)
  File "C:\Users\saketh\AppData\Local\Programs\Python\Python39\lib\site-packages\django\urls\resolvers.py", line 698, in _reverse_with_prefix
    raise NoReverseMatch(msg)
django.urls.exceptions.NoReverseMatch: Reverse for 'addingcustomer' not found. 'addingcustomer' is not a valid view function or pattern name.
[2022-07-26T17:19:28] ERROR [django.request.log_response:224] Internal Server Error: /apps/instagram/dashboard/
Traceback (most recent call last):
  File "C:\Users\saketh\AppData\Local\Programs\Python\Python39\lib\site-packages\django\core\handlers\exception.py", line 47, in inner
    response = get_response(request)
  File "C:\Users\saketh\AppData\Local\Programs\Python\Python39\lib\site-packages\django\core\handlers\base.py", line 181, in _get_response
    response = wrapped_callback(request, *callback_args, **callback_kwargs)
  File "C:\Users\saketh\AppData\Local\Programs\Python\Python39\lib\site-packages\django\contrib\auth\decorators.py", line 21, in _wrapped_view
    return view_func(request, *args, **kwargs)
  File "C:\Users\saketh\Documents\billapp\dashboard\views.py", line 203, in dashboard
    return render(request, 'dashboard.html', {'slug' : slug})
  File "C:\Users\saketh\AppData\Local\Programs\Python\Python39\lib\site-packages\django\shortcuts.py", line 19, in render
    content = loader.render_to_string(template_name, context, request, using=using)
  File "C:\Users\saketh\AppData\Local\Programs\Python\Python39\lib\site-packages\django\template\loader.py", line 62, in render_to_string
    return template.render(context, request)
  File "C:\Users\saketh\AppData\Local\Programs\Python\Python39\lib\site-packages\django\template\backends\django.py", line 61, in render
    return self.template.render(context)
  File "C:\Users\saketh\AppData\Local\Programs\Python\Python39\lib\site-packages\django\template\base.py", line 170, in render
    return self._render(context)
  File "C:\Users\saketh\AppData\Local\Programs\Python\Python39\lib\site-packages\django\template\base.py", line 162, in _render
    return self.nodelist.render(context)
  File "C:\Users\saketh\AppData\Local\Programs\Python\Python39\lib\site-packages\django\template\base.py", line 938, in render
    bit = node.render_annotated(context)
  File "C:\Users\saketh\AppData\Local\Programs\Python\Python39\lib\site-packages\django\template\base.py", line 905, in render_annotated
    return self.render(context)
  File "C:\Users\saketh\AppData\Local\Programs\Python\Python39\lib\site-packages\django\template\defaulttags.py", line 449, in render
    url = reverse(view_name, args=args, kwargs=kwargs, current_app=current_app)
  File "C:\Users\saketh\AppData\Local\Programs\Python\Python39\lib\site-packages\django\urls\base.py", line 86, in reverse
    return resolver._reverse_with_prefix(view, prefix, *args, **kwargs)
  File "C:\Users\saketh\AppData\Local\Programs\Python\Python39\lib\site-packages\django\urls\resolvers.py", line 698, in _reverse_with_prefix
    raise NoReverseMatch(msg)
django.urls.exceptions.NoReverseMatch: Reverse for 'addcustomer' with arguments '('instagram',)' not found. 1 pattern(s) tried: ['apps/(?P<slug>[^/]+)/addcustomer/(?P<appslug>[^/]+)\\Z']
[2022-07-26T17:20:03] INFO [django.utils.autoreload.trigger_reload:251] C:\Users\saketh\Documents\billapp\dashboard\urls.py changed, reloading.
[2022-07-26T17:20:12] INFO [django.utils.autoreload.trigger_reload:251] C:\Users\saketh\Documents\billapp\dashboard\views.py changed, reloading.
[2022-07-26T17:20:16] WARNING [django.request.log_response:224] Not Found: /apps/instagram/dashboard/assets/css/styles.css
[2022-07-26T17:20:16] WARNING [django.request.log_response:224] Not Found: /apps/instagram/dashboard/assets/img/illustrations/rocket-white.png
[2022-07-26T17:20:16] WARNING [django.request.log_response:224] Not Found: /apps/instagram/dashboard/assets/img/small-logos/logo-xd.svg
[2022-07-26T17:20:16] WARNING [django.request.log_response:224] Not Found: /apps/instagram/dashboard/assets/img/team-1.jpg
[2022-07-26T17:20:16] WARNING [django.request.log_response:224] Not Found: /apps/instagram/dashboard/assets/css/styles.css
[2022-07-26T17:20:16] WARNING [django.request.log_response:224] Not Found: /apps/instagram/dashboard/assets/img/team-3.jpg
[2022-07-26T17:20:16] WARNING [django.request.log_response:224] Not Found: /apps/instagram/dashboard/assets/img/team-2.jpg
[2022-07-26T17:20:16] WARNING [django.request.log_response:224] Not Found: /apps/instagram/dashboard/assets/img/team-4.jpg
[2022-07-26T17:20:16] WARNING [django.request.log_response:224] Not Found: /apps/instagram/dashboard/assets/img/small-logos/logo-atlassian.svg
[2022-07-26T17:20:16] WARNING [django.request.log_response:224] Not Found: /apps/instagram/dashboard/assets/img/small-logos/logo-slack.svg
[2022-07-26T17:20:16] WARNING [django.request.log_response:224] Not Found: /apps/instagram/dashboard/assets/img/small-logos/logo-jira.svg
[2022-07-26T17:20:16] WARNING [django.request.log_response:224] Not Found: /apps/instagram/dashboard/assets/img/small-logos/logo-spotify.svg
[2022-07-26T17:20:16] WARNING [django.request.log_response:224] Not Found: /apps/instagram/dashboard/assets/img/small-logos/logo-invision.svg
[2022-07-26T17:20:16] WARNING [django.request.log_response:224] Not Found: /apps/instagram/dashboard/assets/js/plugins/chartjs.min.js
[2022-07-26T17:20:16] WARNING [django.request.log_response:224] Not Found: /apps/instagram/dashboard/assets/js/plugins/perfect-scrollbar.min.js
[2022-07-26T17:20:17] WARNING [django.request.log_response:224] Not Found: /apps/instagram/dashboard/assets/img/ivancik.jpg
[2022-07-26T17:20:17] WARNING [django.request.log_response:224] Not Found: /apps/instagram/dashboard/assets/img/team-2.jpg
[2022-07-26T17:20:17] WARNING [django.request.log_response:224] Not Found: /apps/instagram/dashboard/assets/img/team-3.jpg
[2022-07-26T17:20:17] WARNING [django.request.log_response:224] Not Found: /apps/instagram/dashboard/assets/img/team-1.jpg
[2022-07-26T17:20:21] ERROR [django.request.log_response:224] Internal Server Error: /apps/instagram/addcustomer/
Traceback (most recent call last):
  File "C:\Users\saketh\AppData\Local\Programs\Python\Python39\lib\site-packages\django\core\handlers\exception.py", line 47, in inner
    response = get_response(request)
  File "C:\Users\saketh\AppData\Local\Programs\Python\Python39\lib\site-packages\django\core\handlers\base.py", line 181, in _get_response
    response = wrapped_callback(request, *callback_args, **callback_kwargs)
  File "C:\Users\saketh\Documents\billapp\dashboard\views.py", line 209, in addingcustomer
    app=applists.objects.get(slug=slug)
NameError: name 'appslug' is not defined
[2022-07-26T17:20:53] ERROR [django.request.log_response:224] Internal Server Error: /apps/instagram/addcustomer/
Traceback (most recent call last):
  File "C:\Users\saketh\AppData\Local\Programs\Python\Python39\lib\site-packages\django\core\handlers\exception.py", line 47, in inner
    response = get_response(request)
  File "C:\Users\saketh\AppData\Local\Programs\Python\Python39\lib\site-packages\django\core\handlers\base.py", line 181, in _get_response
    response = wrapped_callback(request, *callback_args, **callback_kwargs)
  File "C:\Users\saketh\Documents\billapp\dashboard\views.py", line 209, in addingcustomer
    app=applists.objects.get(slug=slug)
NameError: name 'appslug' is not defined
[2022-07-26T17:20:55] ERROR [django.request.log_response:224] Internal Server Error: /apps/instagram/addcustomer/
Traceback (most recent call last):
  File "C:\Users\saketh\AppData\Local\Programs\Python\Python39\lib\site-packages\django\core\handlers\exception.py", line 47, in inner
    response = get_response(request)
  File "C:\Users\saketh\AppData\Local\Programs\Python\Python39\lib\site-packages\django\core\handlers\base.py", line 181, in _get_response
    response = wrapped_callback(request, *callback_args, **callback_kwargs)
  File "C:\Users\saketh\Documents\billapp\dashboard\views.py", line 209, in addingcustomer
    app=applists.objects.get(slug=slug)
NameError: name 'appslug' is not defined
[2022-07-26T17:22:35] WARNING [django.request.log_response:224] Not Found: /apps/instagram/dashboard/assets/css/styles.css
[2022-07-26T17:22:35] WARNING [django.request.log_response:224] Not Found: /apps/instagram/dashboard/assets/img/illustrations/rocket-white.png
[2022-07-26T17:22:35] WARNING [django.request.log_response:224] Not Found: /apps/instagram/dashboard/assets/img/small-logos/logo-xd.svg
[2022-07-26T17:22:35] WARNING [django.request.log_response:224] Not Found: /apps/instagram/dashboard/assets/img/team-1.jpg
[2022-07-26T17:22:35] WARNING [django.request.log_response:224] Not Found: /apps/instagram/dashboard/assets/img/team-2.jpg
[2022-07-26T17:22:35] WARNING [django.request.log_response:224] Not Found: /apps/instagram/dashboard/assets/img/team-3.jpg
[2022-07-26T17:22:35] WARNING [django.request.log_response:224] Not Found: /apps/instagram/dashboard/assets/img/team-4.jpg
[2022-07-26T17:22:35] WARNING [django.request.log_response:224] Not Found: /apps/instagram/dashboard/assets/img/small-logos/logo-atlassian.svg
[2022-07-26T17:22:35] WARNING [django.request.log_response:224] Not Found: /apps/instagram/dashboard/assets/img/small-logos/logo-slack.svg
[2022-07-26T17:22:35] WARNING [django.request.log_response:224] Not Found: /apps/instagram/dashboard/assets/img/small-logos/logo-spotify.svg
[2022-07-26T17:22:35] WARNING [django.request.log_response:224] Not Found: /apps/instagram/dashboard/assets/img/small-logos/logo-jira.svg
[2022-07-26T17:22:35] WARNING [django.request.log_response:224] Not Found: /apps/instagram/dashboard/assets/img/small-logos/logo-invision.svg
[2022-07-26T17:22:35] WARNING [django.request.log_response:224] Not Found: /apps/instagram/dashboard/assets/js/plugins/chartjs.min.js
[2022-07-26T17:22:35] WARNING [django.request.log_response:224] Not Found: /apps/instagram/dashboard/assets/js/plugins/perfect-scrollbar.min.js
[2022-07-26T17:22:35] WARNING [django.request.log_response:224] Not Found: /apps/instagram/dashboard/assets/css/styles.css
[2022-07-26T17:22:36] WARNING [django.request.log_response:224] Not Found: /apps/instagram/dashboard/assets/img/team-2.jpg
[2022-07-26T17:22:36] WARNING [django.request.log_response:224] Not Found: /apps/instagram/dashboard/assets/img/team-4.jpg
[2022-07-26T17:22:36] WARNING [django.request.log_response:224] Not Found: /apps/instagram/dashboard/assets/img/team-3.jpg
[2022-07-26T17:22:36] WARNING [django.request.log_response:224] Not Found: /apps/instagram/dashboard/assets/img/ivancik.jpg
[2022-07-26T17:22:36] WARNING [django.request.log_response:224] Not Found: /apps/instagram/dashboard/assets/img/team-1.jpg
[2022-07-26T17:23:00] WARNING [django.request.log_response:224] Not Found: /apps/telegram/dashboard/assets/css/styles.css
[2022-07-26T17:23:00] WARNING [django.request.log_response:224] Not Found: /apps/telegram/dashboard/assets/img/illustrations/rocket-white.png
[2022-07-26T17:23:00] WARNING [django.request.log_response:224] Not Found: /apps/telegram/dashboard/assets/img/small-logos/logo-xd.svg
[2022-07-26T17:23:00] WARNING [django.request.log_response:224] Not Found: /apps/telegram/dashboard/assets/css/styles.css
[2022-07-26T17:23:00] WARNING [django.request.log_response:224] Not Found: /apps/telegram/dashboard/assets/img/team-1.jpg
[2022-07-26T17:23:00] WARNING [django.request.log_response:224] Not Found: /apps/telegram/dashboard/assets/img/team-2.jpg
[2022-07-26T17:23:00] WARNING [django.request.log_response:224] Not Found: /apps/telegram/dashboard/assets/img/team-3.jpg
[2022-07-26T17:23:00] WARNING [django.request.log_response:224] Not Found: /apps/telegram/dashboard/assets/img/small-logos/logo-atlassian.svg
[2022-07-26T17:23:00] WARNING [django.request.log_response:224] Not Found: /apps/telegram/dashboard/assets/img/team-4.jpg
[2022-07-26T17:23:00] WARNING [django.request.log_response:224] Not Found: /apps/telegram/dashboard/assets/img/small-logos/logo-spotify.svg
[2022-07-26T17:23:00] WARNING [django.request.log_response:224] Not Found: /apps/telegram/dashboard/assets/img/small-logos/logo-slack.svg
[2022-07-26T17:23:00] WARNING [django.request.log_response:224] Not Found: /apps/telegram/dashboard/assets/img/small-logos/logo-jira.svg
[2022-07-26T17:23:00] WARNING [django.request.log_response:224] Not Found: /apps/telegram/dashboard/assets/js/plugins/chartjs.min.js
[2022-07-26T17:23:00] WARNING [django.request.log_response:224] Not Found: /apps/telegram/dashboard/assets/img/small-logos/logo-invision.svg
[2022-07-26T17:23:00] WARNING [django.request.log_response:224] Not Found: /apps/telegram/dashboard/assets/js/plugins/perfect-scrollbar.min.js
[2022-07-26T17:23:00] WARNING [django.request.log_response:224] Not Found: /apps/telegram/dashboard/assets/img/team-2.jpg
[2022-07-26T17:23:00] WARNING [django.request.log_response:224] Not Found: /apps/telegram/dashboard/assets/img/team-1.jpg
[2022-07-26T17:23:00] WARNING [django.request.log_response:224] Not Found: /apps/telegram/dashboard/assets/img/ivancik.jpg
[2022-07-26T17:23:51] WARNING [django.request.log_response:224] Not Found: /apps/instagram/dashboard/assets/css/styles.css
[2022-07-26T17:23:51] WARNING [django.request.log_response:224] Not Found: /apps/instagram/dashboard/assets/img/illustrations/rocket-white.png
[2022-07-26T17:23:51] WARNING [django.request.log_response:224] Not Found: /apps/instagram/dashboard/assets/img/small-logos/logo-xd.svg
[2022-07-26T17:23:51] WARNING [django.request.log_response:224] Not Found: /apps/instagram/dashboard/assets/img/team-1.jpg
[2022-07-26T17:23:51] WARNING [django.request.log_response:224] Not Found: /apps/instagram/dashboard/assets/img/team-2.jpg
[2022-07-26T17:23:51] WARNING [django.request.log_response:224] Not Found: /apps/instagram/dashboard/assets/img/team-3.jpg
[2022-07-26T17:23:51] WARNING [django.request.log_response:224] Not Found: /apps/instagram/dashboard/assets/img/team-4.jpg
[2022-07-26T17:23:51] WARNING [django.request.log_response:224] Not Found: /apps/instagram/dashboard/assets/img/small-logos/logo-atlassian.svg
[2022-07-26T17:23:51] WARNING [django.request.log_response:224] Not Found: /apps/instagram/dashboard/assets/img/small-logos/logo-slack.svg
[2022-07-26T17:23:51] WARNING [django.request.log_response:224] Not Found: /apps/instagram/dashboard/assets/img/small-logos/logo-spotify.svg
[2022-07-26T17:23:51] WARNING [django.request.log_response:224] Not Found: /apps/instagram/dashboard/assets/img/small-logos/logo-jira.svg
[2022-07-26T17:23:51] WARNING [django.request.log_response:224] Not Found: /apps/instagram/dashboard/assets/img/small-logos/logo-invision.svg
[2022-07-26T17:23:51] WARNING [django.request.log_response:224] Not Found: /apps/instagram/dashboard/assets/js/plugins/chartjs.min.js
[2022-07-26T17:23:51] WARNING [django.request.log_response:224] Not Found: /apps/instagram/dashboard/assets/js/plugins/perfect-scrollbar.min.js
[2022-07-26T17:23:51] WARNING [django.request.log_response:224] Not Found: /apps/instagram/dashboard/assets/css/styles.css
[2022-07-26T17:23:51] WARNING [django.request.log_response:224] Not Found: /apps/instagram/dashboard/assets/img/ivancik.jpg
[2022-07-26T17:23:51] WARNING [django.request.log_response:224] Not Found: /apps/instagram/dashboard/assets/img/team-2.jpg
[2022-07-26T17:23:51] WARNING [django.request.log_response:224] Not Found: /apps/instagram/dashboard/assets/img/team-4.jpg
[2022-07-26T17:23:51] WARNING [django.request.log_response:224] Not Found: /apps/instagram/dashboard/assets/img/team-3.jpg
[2022-07-26T17:23:51] WARNING [django.request.log_response:224] Not Found: /apps/instagram/dashboard/assets/img/team-1.jpg
[2022-07-26T17:24:39] INFO [root.logout:154] admin_ logged out
[2022-07-26T17:24:41] INFO [root.logout:154] _ logged out
[2022-07-26T17:26:17] INFO [root.showapps:41] admin_seen the whole applist
[2022-07-26T17:26:21] WARNING [django.request.log_response:224] Not Found: /apps/instagram/dashboard/assets/css/styles.css
[2022-07-26T17:26:21] WARNING [django.request.log_response:224] Not Found: /apps/instagram/dashboard/assets/img/illustrations/rocket-white.png
[2022-07-26T17:26:21] WARNING [django.request.log_response:224] Not Found: /apps/instagram/dashboard/assets/img/small-logos/logo-xd.svg
[2022-07-26T17:26:21] WARNING [django.request.log_response:224] Not Found: /apps/instagram/dashboard/assets/css/styles.css
[2022-07-26T17:26:21] WARNING [django.request.log_response:224] Not Found: /apps/instagram/dashboard/assets/img/team-1.jpg
[2022-07-26T17:26:21] WARNING [django.request.log_response:224] Not Found: /apps/instagram/dashboard/assets/img/team-2.jpg
[2022-07-26T17:26:21] WARNING [django.request.log_response:224] Not Found: /apps/instagram/dashboard/assets/img/team-3.jpg
[2022-07-26T17:26:21] WARNING [django.request.log_response:224] Not Found: /apps/instagram/dashboard/assets/img/team-4.jpg
[2022-07-26T17:26:21] WARNING [django.request.log_response:224] Not Found: /apps/instagram/dashboard/assets/img/small-logos/logo-invision.svg
[2022-07-26T17:26:21] WARNING [django.request.log_response:224] Not Found: /apps/instagram/dashboard/assets/img/small-logos/logo-slack.svg
[2022-07-26T17:26:21] WARNING [django.request.log_response:224] Not Found: /apps/instagram/dashboard/assets/img/small-logos/logo-atlassian.svg
[2022-07-26T17:26:21] WARNING [django.request.log_response:224] Not Found: /apps/instagram/dashboard/assets/img/small-logos/logo-spotify.svg
[2022-07-26T17:26:21] WARNING [django.request.log_response:224] Not Found: /apps/instagram/dashboard/assets/img/small-logos/logo-jira.svg
[2022-07-26T17:26:21] WARNING [django.request.log_response:224] Not Found: /apps/instagram/dashboard/assets/img/team-1.jpg
[2022-07-26T17:26:21] WARNING [django.request.log_response:224] Not Found: /apps/instagram/dashboard/assets/img/team-3.jpg
[2022-07-26T17:26:21] WARNING [django.request.log_response:224] Not Found: /apps/instagram/dashboard/assets/js/plugins/perfect-scrollbar.min.js
[2022-07-26T17:26:21] WARNING [django.request.log_response:224] Not Found: /apps/instagram/dashboard/assets/js/plugins/chartjs.min.js
[2022-07-26T17:26:21] WARNING [django.request.log_response:224] Not Found: /apps/instagram/dashboard/assets/img/team-2.jpg
[2022-07-26T17:26:21] WARNING [django.request.log_response:224] Not Found: /apps/instagram/dashboard/assets/img/ivancik.jpg
[2022-07-26T17:27:47] ERROR [django.request.log_response:224] Internal Server Error: /apps/instagram/addcustomer/
Traceback (most recent call last):
  File "C:\Users\saketh\AppData\Local\Programs\Python\Python39\lib\site-packages\django\core\handlers\exception.py", line 47, in inner
    response = get_response(request)
  File "C:\Users\saketh\AppData\Local\Programs\Python\Python39\lib\site-packages\django\core\handlers\base.py", line 181, in _get_response
    response = wrapped_callback(request, *callback_args, **callback_kwargs)
  File "C:\Users\saketh\Documents\billapp\dashboard\views.py", line 209, in addingcustomer
    app=applists.objects.get(slug=slug)
NameError: name 'appslug' is not defined
[2022-07-26T17:28:59] WARNING [django.request.log_response:224] Not Found: /apps/instagram/dashboard/assets/css/styles.css
[2022-07-26T17:28:59] WARNING [django.request.log_response:224] Not Found: /apps/instagram/dashboard/assets/img/illustrations/rocket-white.png
[2022-07-26T17:28:59] WARNING [django.request.log_response:224] Not Found: /apps/instagram/dashboard/assets/img/small-logos/logo-xd.svg
[2022-07-26T17:28:59] WARNING [django.request.log_response:224] Not Found: /apps/instagram/dashboard/assets/img/team-1.jpg
[2022-07-26T17:28:59] WARNING [django.request.log_response:224] Not Found: /apps/instagram/dashboard/assets/img/team-2.jpg
[2022-07-26T17:28:59] WARNING [django.request.log_response:224] Not Found: /apps/instagram/dashboard/assets/css/styles.css
[2022-07-26T17:28:59] WARNING [django.request.log_response:224] Not Found: /apps/instagram/dashboard/assets/img/team-3.jpg
[2022-07-26T17:28:59] WARNING [django.request.log_response:224] Not Found: /apps/instagram/dashboard/assets/img/team-4.jpg
[2022-07-26T17:28:59] WARNING [django.request.log_response:224] Not Found: /apps/instagram/dashboard/assets/img/small-logos/logo-spotify.svg
[2022-07-26T17:28:59] WARNING [django.request.log_response:224] Not Found: /apps/instagram/dashboard/assets/img/small-logos/logo-atlassian.svg
[2022-07-26T17:28:59] WARNING [django.request.log_response:224] Not Found: /apps/instagram/dashboard/assets/img/small-logos/logo-slack.svg
[2022-07-26T17:28:59] WARNING [django.request.log_response:224] Not Found: /apps/instagram/dashboard/assets/img/small-logos/logo-jira.svg
[2022-07-26T17:28:59] WARNING [django.request.log_response:224] Not Found: /apps/instagram/dashboard/assets/js/plugins/chartjs.min.js
[2022-07-26T17:28:59] WARNING [django.request.log_response:224] Not Found: /apps/instagram/dashboard/assets/img/small-logos/logo-invision.svg
[2022-07-26T17:28:59] WARNING [django.request.log_response:224] Not Found: /apps/instagram/dashboard/assets/img/team-2.jpg
[2022-07-26T17:28:59] WARNING [django.request.log_response:224] Not Found: /apps/instagram/dashboard/assets/js/plugins/perfect-scrollbar.min.js
[2022-07-26T17:28:59] WARNING [django.request.log_response:224] Not Found: /apps/instagram/dashboard/assets/img/team-4.jpg
[2022-07-26T17:28:59] WARNING [django.request.log_response:224] Not Found: /apps/instagram/dashboard/assets/img/team-3.jpg
[2022-07-26T17:28:59] WARNING [django.request.log_response:224] Not Found: /apps/instagram/dashboard/assets/img/team-1.jpg
[2022-07-26T17:28:59] WARNING [django.request.log_response:224] Not Found: /apps/instagram/dashboard/assets/img/ivancik.jpg
[2022-07-26T17:28:59] WARNING [django.request.log_response:224] Not Found: /apps/instagram/dashboard/assets/css/styles.css
[2022-07-26T17:28:59] WARNING [django.request.log_response:224] Not Found: /apps/instagram/dashboard/assets/img/illustrations/rocket-white.png
[2022-07-26T17:28:59] WARNING [django.request.log_response:224] Not Found: /apps/instagram/dashboard/assets/img/small-logos/logo-xd.svg
[2022-07-26T17:28:59] WARNING [django.request.log_response:224] Not Found: /apps/instagram/dashboard/assets/img/team-1.jpg
[2022-07-26T17:28:59] WARNING [django.request.log_response:224] Not Found: /apps/instagram/dashboard/assets/img/team-2.jpg
[2022-07-26T17:28:59] WARNING [django.request.log_response:224] Not Found: /apps/instagram/dashboard/assets/css/styles.css
[2022-07-26T17:28:59] WARNING [django.request.log_response:224] Not Found: /apps/instagram/dashboard/assets/img/team-4.jpg
[2022-07-26T17:28:59] WARNING [django.request.log_response:224] Not Found: /apps/instagram/dashboard/assets/img/team-3.jpg
[2022-07-26T17:29:00] WARNING [django.request.log_response:224] Not Found: /apps/instagram/dashboard/assets/img/small-logos/logo-atlassian.svg
[2022-07-26T17:29:00] WARNING [django.request.log_response:224] Not Found: /apps/instagram/dashboard/assets/img/small-logos/logo-jira.svg
[2022-07-26T17:29:00] WARNING [django.request.log_response:224] Not Found: /apps/instagram/dashboard/assets/img/small-logos/logo-slack.svg
[2022-07-26T17:29:00] WARNING [django.request.log_response:224] Not Found: /apps/instagram/dashboard/assets/img/small-logos/logo-spotify.svg
[2022-07-26T17:29:00] WARNING [django.request.log_response:224] Not Found: /apps/instagram/dashboard/assets/img/small-logos/logo-invision.svg
[2022-07-26T17:29:00] WARNING [django.request.log_response:224] Not Found: /apps/instagram/dashboard/assets/js/plugins/chartjs.min.js
[2022-07-26T17:29:00] WARNING [django.request.log_response:224] Not Found: /apps/instagram/dashboard/assets/js/plugins/perfect-scrollbar.min.js
[2022-07-26T17:29:00] WARNING [django.request.log_response:224] Not Found: /apps/instagram/dashboard/assets/img/team-2.jpg
[2022-07-26T17:29:00] WARNING [django.request.log_response:224] Not Found: /apps/instagram/dashboard/assets/img/ivancik.jpg
[2022-07-26T17:29:00] WARNING [django.request.log_response:224] Not Found: /apps/instagram/dashboard/assets/img/team-4.jpg
[2022-07-26T17:29:00] WARNING [django.request.log_response:224] Not Found: /apps/instagram/dashboard/assets/img/team-3.jpg
[2022-07-26T17:29:00] WARNING [django.request.log_response:224] Not Found: /apps/instagram/dashboard/assets/img/team-1.jpg
[2022-07-26T17:29:01] ERROR [django.request.log_response:224] Internal Server Error: /apps/instagram/addcustomer/
Traceback (most recent call last):
  File "C:\Users\saketh\AppData\Local\Programs\Python\Python39\lib\site-packages\django\core\handlers\exception.py", line 47, in inner
    response = get_response(request)
  File "C:\Users\saketh\AppData\Local\Programs\Python\Python39\lib\site-packages\django\core\handlers\base.py", line 181, in _get_response
    response = wrapped_callback(request, *callback_args, **callback_kwargs)
  File "C:\Users\saketh\Documents\billapp\dashboard\views.py", line 211, in addingcustomer
    return redirect('customerlist')
  File "C:\Users\saketh\AppData\Local\Programs\Python\Python39\lib\site-packages\django\shortcuts.py", line 41, in redirect
    return redirect_class(resolve_url(to, *args, **kwargs))
  File "C:\Users\saketh\AppData\Local\Programs\Python\Python39\lib\site-packages\django\shortcuts.py", line 130, in resolve_url
    return reverse(to, args=args, kwargs=kwargs)
  File "C:\Users\saketh\AppData\Local\Programs\Python\Python39\lib\site-packages\django\urls\base.py", line 86, in reverse
    return resolver._reverse_with_prefix(view, prefix, *args, **kwargs)
  File "C:\Users\saketh\AppData\Local\Programs\Python\Python39\lib\site-packages\django\urls\resolvers.py", line 698, in _reverse_with_prefix
    raise NoReverseMatch(msg)
django.urls.exceptions.NoReverseMatch: Reverse for 'customerlist' with no arguments not found. 1 pattern(s) tried: ['apps/(?P<slug>[^/]+)/customerlist/\\Z']
[2022-07-26T17:29:25] INFO [django.utils.autoreload.trigger_reload:251] C:\Users\saketh\Documents\billapp\dashboard\views.py changed, reloading.
[2022-07-26T17:29:33] INFO [django.utils.autoreload.trigger_reload:251] C:\Users\saketh\Documents\billapp\dashboard\views.py changed, reloading.
[2022-07-26T17:29:39] ERROR [django.request.log_response:224] Internal Server Error: /apps/instagram/customerlist/
Traceback (most recent call last):
  File "C:\Users\saketh\AppData\Local\Programs\Python\Python39\lib\site-packages\django\core\handlers\exception.py", line 47, in inner
    response = get_response(request)
  File "C:\Users\saketh\AppData\Local\Programs\Python\Python39\lib\site-packages\django\core\handlers\base.py", line 181, in _get_response
    response = wrapped_callback(request, *callback_args, **callback_kwargs)
  File "C:\Users\saketh\AppData\Local\Programs\Python\Python39\lib\site-packages\django\contrib\auth\decorators.py", line 21, in _wrapped_view
    return view_func(request, *args, **kwargs)
  File "C:\Users\saketh\Documents\billapp\dashboard\views.py", line 123, in customerlis
    return render(request, 'customerlist.html', {'columns':columns, 'details':details,'slug':slug})
  File "C:\Users\saketh\AppData\Local\Programs\Python\Python39\lib\site-packages\django\shortcuts.py", line 19, in render
    content = loader.render_to_string(template_name, context, request, using=using)
  File "C:\Users\saketh\AppData\Local\Programs\Python\Python39\lib\site-packages\django\template\loader.py", line 62, in render_to_string
    return template.render(context, request)
  File "C:\Users\saketh\AppData\Local\Programs\Python\Python39\lib\site-packages\django\template\backends\django.py", line 61, in render
    return self.template.render(context)
  File "C:\Users\saketh\AppData\Local\Programs\Python\Python39\lib\site-packages\django\template\base.py", line 170, in render
    return self._render(context)
  File "C:\Users\saketh\AppData\Local\Programs\Python\Python39\lib\site-packages\django\template\base.py", line 162, in _render
    return self.nodelist.render(context)
  File "C:\Users\saketh\AppData\Local\Programs\Python\Python39\lib\site-packages\django\template\base.py", line 938, in render
    bit = node.render_annotated(context)
  File "C:\Users\saketh\AppData\Local\Programs\Python\Python39\lib\site-packages\django\template\base.py", line 905, in render_annotated
    return self.render(context)
  File "C:\Users\saketh\AppData\Local\Programs\Python\Python39\lib\site-packages\django\template\loader_tags.py", line 150, in render
    return compiled_parent._render(context)
  File "C:\Users\saketh\AppData\Local\Programs\Python\Python39\lib\site-packages\django\template\base.py", line 162, in _render
    return self.nodelist.render(context)
  File "C:\Users\saketh\AppData\Local\Programs\Python\Python39\lib\site-packages\django\template\base.py", line 938, in render
    bit = node.render_annotated(context)
  File "C:\Users\saketh\AppData\Local\Programs\Python\Python39\lib\site-packages\django\template\base.py", line 905, in render_annotated
    return self.render(context)
  File "C:\Users\saketh\AppData\Local\Programs\Python\Python39\lib\site-packages\django\template\defaulttags.py", line 449, in render
    url = reverse(view_name, args=args, kwargs=kwargs, current_app=current_app)
  File "C:\Users\saketh\AppData\Local\Programs\Python\Python39\lib\site-packages\django\urls\base.py", line 86, in reverse
    return resolver._reverse_with_prefix(view, prefix, *args, **kwargs)
  File "C:\Users\saketh\AppData\Local\Programs\Python\Python39\lib\site-packages\django\urls\resolvers.py", line 698, in _reverse_with_prefix
    raise NoReverseMatch(msg)
django.urls.exceptions.NoReverseMatch: Reverse for 'addcust' not found. 'addcust' is not a valid view function or pattern name.
[2022-07-26T17:30:57] INFO [root.showapps:41] admin_seen the whole applist
[2022-07-26T17:30:59] WARNING [django.request.log_response:224] Not Found: /apps/telegram/dashboard/assets/css/styles.css
[2022-07-26T17:30:59] WARNING [django.request.log_response:224] Not Found: /apps/telegram/dashboard/assets/img/illustrations/rocket-white.png
[2022-07-26T17:30:59] WARNING [django.request.log_response:224] Not Found: /apps/telegram/dashboard/assets/img/small-logos/logo-xd.svg
[2022-07-26T17:30:59] WARNING [django.request.log_response:224] Not Found: /apps/telegram/dashboard/assets/img/team-1.jpg
[2022-07-26T17:30:59] WARNING [django.request.log_response:224] Not Found: /apps/telegram/dashboard/assets/img/team-2.jpg
[2022-07-26T17:30:59] WARNING [django.request.log_response:224] Not Found: /apps/telegram/dashboard/assets/img/team-3.jpg
[2022-07-26T17:30:59] WARNING [django.request.log_response:224] Not Found: /apps/telegram/dashboard/assets/img/team-4.jpg
[2022-07-26T17:30:59] WARNING [django.request.log_response:224] Not Found: /apps/telegram/dashboard/assets/img/small-logos/logo-atlassian.svg
[2022-07-26T17:30:59] WARNING [django.request.log_response:224] Not Found: /apps/telegram/dashboard/assets/img/small-logos/logo-slack.svg
[2022-07-26T17:30:59] WARNING [django.request.log_response:224] Not Found: /apps/telegram/dashboard/assets/img/small-logos/logo-spotify.svg
[2022-07-26T17:30:59] WARNING [django.request.log_response:224] Not Found: /apps/telegram/dashboard/assets/img/small-logos/logo-jira.svg
[2022-07-26T17:30:59] WARNING [django.request.log_response:224] Not Found: /apps/telegram/dashboard/assets/img/small-logos/logo-invision.svg
[2022-07-26T17:30:59] WARNING [django.request.log_response:224] Not Found: /apps/telegram/dashboard/assets/js/plugins/chartjs.min.js
[2022-07-26T17:30:59] WARNING [django.request.log_response:224] Not Found: /apps/telegram/dashboard/assets/css/styles.css
[2022-07-26T17:30:59] WARNING [django.request.log_response:224] Not Found: /apps/telegram/dashboard/assets/js/plugins/perfect-scrollbar.min.js
[2022-07-26T17:30:59] WARNING [django.request.log_response:224] Not Found: /apps/telegram/dashboard/assets/img/team-2.jpg
[2022-07-26T17:30:59] WARNING [django.request.log_response:224] Not Found: /apps/telegram/dashboard/assets/img/team-1.jpg
[2022-07-26T17:30:59] WARNING [django.request.log_response:224] Not Found: /apps/telegram/dashboard/assets/img/team-3.jpg
[2022-07-26T17:30:59] WARNING [django.request.log_response:224] Not Found: /apps/telegram/dashboard/assets/img/team-4.jpg
[2022-07-26T17:30:59] WARNING [django.request.log_response:224] Not Found: /apps/telegram/dashboard/assets/img/ivancik.jpg
[2022-07-26T17:35:54] WARNING [django.request.log_response:224] Not Found: /apps/telegram/dashboard/create.html
[2022-07-26T17:36:33] WARNING [django.request.log_response:224] Not Found: /apps/telegram/addcust
[2022-07-26T18:17:51] INFO [django.utils.autoreload.trigger_reload:251] C:\Users\saketh\Documents\billapp\accounts\admin.py changed, reloading.
